"../../../Engine/Content/EngineMaterials/T_Default_Material_Grid_N.uasset" 0
"../../../Engine/Content/EngineMaterials/T_Default_Material_Grid_N.uexp" 1
"../../../Engine/Content/EngineMaterials/T_Default_Material_Grid_N.ubulk" 2
"../../../Engine/Content/EngineMaterials/T_Default_Material_Grid_M.uasset" 3
"../../../Engine/Content/EngineMaterials/T_Default_Material_Grid_M.uexp" 4
"../../../Engine/Content/EngineMaterials/T_Default_Material_Grid_M.ubulk" 5
"../../../Engine/Content/Functions/Engine_MaterialFunctions01/Opacity/CameraDepthFade.uasset" 6
"../../../Engine/Content/Functions/Engine_MaterialFunctions01/Opacity/CameraDepthFade.uexp" 7
"../../../Engine/Content/EngineMaterials/WorldGridMaterial.uasset" 8
"../../../Engine/Content/EngineMaterials/WorldGridMaterial.uexp" 9
"../../../Engine/Content/ArtTools/RenderToTexture/Meshes/S_1_Unit_Plane.uasset" 10
"../../../Engine/Content/ArtTools/RenderToTexture/Meshes/S_1_Unit_Plane.uexp" 11
"../../../Engine/Content/EngineMaterials/DefaultMaterial.uasset" 12
"../../../Engine/Content/EngineMaterials/DefaultMaterial.uexp" 13
"../../../Engine/Content/BasicShapes/Cone.uasset" 14
"../../../Engine/Content/BasicShapes/Cone.uexp" 15
"../../../Engine/Content/BasicShapes/Cube.uasset" 16
"../../../Engine/Content/BasicShapes/Cube.uexp" 17
"../../../Engine/Content/BasicShapes/Plane.uasset" 18
"../../../Engine/Content/BasicShapes/Plane.uexp" 19
"../../../Engine/Content/BasicShapes/Sphere.uasset" 20
"../../../Engine/Content/BasicShapes/Sphere.uexp" 21
"../../../Engine/Content/EditorLandscapeResources/DataLayer.uasset" 22
"../../../Engine/Content/EditorLandscapeResources/DataLayer.uexp" 23
"../../../Engine/Content/EditorLandscapeResources/DefaultAlphaTexture.uasset" 24
"../../../Engine/Content/EditorLandscapeResources/DefaultAlphaTexture.uexp" 25
"../../../Engine/Content/EditorMaterials/MAT_Groups_Toggle.uasset" 26
"../../../Engine/Content/EditorMaterials/MAT_Groups_Toggle.uexp" 27
"../../../Engine/Content/EditorMaterials/MAT_Groups_Visibility.uasset" 28
"../../../Engine/Content/EditorMaterials/MAT_Groups_Visibility.uexp" 29
"../../../Engine/Content/EditorMaterials/PreviewShadowIndicator.uasset" 30
"../../../Engine/Content/EditorMaterials/PreviewShadowIndicator.uexp" 31
"../../../Engine/Content/EditorMaterials/PreviewShadowIndicator.ubulk" 32
"../../../Engine/Content/EditorMaterials/PreviewShadowIndicatorMaterial.uasset" 33
"../../../Engine/Content/EditorMaterials/PreviewShadowIndicatorMaterial.uexp" 34
"../../../Engine/Content/EditorMaterials/AssetViewer/EpicQuadPanorama_CC+EV1.uasset" 35
"../../../Engine/Content/EditorMaterials/AssetViewer/EpicQuadPanorama_CC+EV1.uexp" 36
"../../../Engine/Content/EditorMaterials/MatineeGroups/MAT_ColorTrack.uasset" 37
"../../../Engine/Content/EditorMaterials/MatineeGroups/MAT_ColorTrack.uexp" 38
"../../../Engine/Content/EditorMaterials/MatineeGroups/MAT_Groups_Anim.uasset" 39
"../../../Engine/Content/EditorMaterials/MatineeGroups/MAT_Groups_Anim.uexp" 40
"../../../Engine/Content/EditorMaterials/MatineeGroups/MAT_Groups_AudioMaster.uasset" 41
"../../../Engine/Content/EditorMaterials/MatineeGroups/MAT_Groups_AudioMaster.uexp" 42
"../../../Engine/Content/EditorMaterials/MatineeGroups/MAT_Groups_Director.uasset" 43
"../../../Engine/Content/EditorMaterials/MatineeGroups/MAT_Groups_Director.uexp" 44
"../../../Engine/Content/EditorMaterials/MatineeGroups/MAT_Groups_Event.uasset" 45
"../../../Engine/Content/EditorMaterials/MatineeGroups/MAT_Groups_Event.uexp" 46
"../../../Engine/Content/EditorMaterials/MatineeGroups/MAT_Groups_Fade.uasset" 47
"../../../Engine/Content/EditorMaterials/MatineeGroups/MAT_Groups_Fade.uexp" 48
"../../../Engine/Content/EditorMaterials/MatineeGroups/MAT_Groups_Float.uasset" 49
"../../../Engine/Content/EditorMaterials/MatineeGroups/MAT_Groups_Float.uexp" 50
"../../../Engine/Content/EditorMaterials/MatineeGroups/MAT_Groups_Move.uasset" 51
"../../../Engine/Content/EditorMaterials/MatineeGroups/MAT_Groups_Move.uexp" 52
"../../../Engine/Content/EditorMaterials/MatineeGroups/MAT_Groups_Slomo.uasset" 53
"../../../Engine/Content/EditorMaterials/MatineeGroups/MAT_Groups_Slomo.uexp" 54
"../../../Engine/Content/EditorMaterials/MatineeGroups/MAT_Groups_Sound.uasset" 55
"../../../Engine/Content/EditorMaterials/MatineeGroups/MAT_Groups_Sound.uexp" 56
"../../../Engine/Content/EditorMaterials/MatineeGroups/MAT_Groups_Vector.uasset" 57
"../../../Engine/Content/EditorMaterials/MatineeGroups/MAT_Groups_Vector.uexp" 58
"../../../Engine/Content/EditorMaterials/ParticleSystems/PSysThumbnail_NoImage.uasset" 59
"../../../Engine/Content/EditorMaterials/ParticleSystems/PSysThumbnail_NoImage.uexp" 60
"../../../Engine/Content/EditorMaterials/ParticleSystems/PSysThumbnail_NoImage.ubulk" 61
"../../../Engine/Content/EditorMaterials/ParticleSystems/PSysThumbnail_OOD.uasset" 62
"../../../Engine/Content/EditorMaterials/ParticleSystems/PSysThumbnail_OOD.uexp" 63
"../../../Engine/Content/EditorMaterials/ParticleSystems/PSysThumbnail_OOD.ubulk" 64
"../../../Engine/Content/EditorMaterials/Camera/CineMat.uasset" 65
"../../../Engine/Content/EditorMaterials/Camera/CineMat.uexp" 66
"../../../Engine/Content/EditorMaterials/Camera/MI_CineMat_Rig.uasset" 67
"../../../Engine/Content/EditorMaterials/Camera/MI_CineMat_Rig.uexp" 68
"../../../Engine/Content/EditorMeshes/Camera/SM_CraneRig_Arm.uasset" 69
"../../../Engine/Content/EditorMeshes/Camera/SM_CraneRig_Arm.uexp" 70
"../../../Engine/Content/EditorMeshes/Camera/SM_CraneRig_Base.uasset" 71
"../../../Engine/Content/EditorMeshes/Camera/SM_CraneRig_Base.uexp" 72
"../../../Engine/Content/EditorMeshes/Camera/SM_CraneRig_Body.uasset" 73
"../../../Engine/Content/EditorMeshes/Camera/SM_CraneRig_Body.uexp" 74
"../../../Engine/Content/EditorMeshes/Camera/SM_CraneRig_Mount.uasset" 75
"../../../Engine/Content/EditorMeshes/Camera/SM_CraneRig_Mount.uexp" 76
"../../../Engine/Content/EditorMeshes/Camera/SM_RailRig_Mount.uasset" 77
"../../../Engine/Content/EditorMeshes/Camera/SM_RailRig_Mount.uexp" 78
"../../../Engine/Content/EditorMeshes/Camera/SM_RailRig_Track.uasset" 79
"../../../Engine/Content/EditorMeshes/Camera/SM_RailRig_Track.uexp" 80
"../../../Engine/Content/EditorResources/BSPVertex.uasset" 81
"../../../Engine/Content/EditorResources/BSPVertex.uexp" 82
"../../../Engine/Content/EditorResources/EmptyActor.uasset" 83
"../../../Engine/Content/EditorResources/EmptyActor.uexp" 84
"../../../Engine/Content/EditorResources/S_Actor.uasset" 85
"../../../Engine/Content/EditorResources/S_Actor.uexp" 86
"../../../Engine/Content/EditorResources/S_Actor.ubulk" 87
"../../../Engine/Content/EditorResources/S_Note.uasset" 88
"../../../Engine/Content/EditorResources/S_Note.uexp" 89
"../../../Engine/Content/EditorResources/S_Note.ubulk" 90
"../../../Engine/Content/EditorResources/S_Solver.uasset" 91
"../../../Engine/Content/EditorResources/S_Solver.uexp" 92
"../../../Engine/Content/EditorResources/S_Solver.ubulk" 93
"../../../Engine/Content/EditorResources/S_Terrain.uasset" 94
"../../../Engine/Content/EditorResources/S_Terrain.uexp" 95
"../../../Engine/Content/EditorResources/S_Terrain.ubulk" 96
"../../../Engine/Content/EditorResources/S_Trigger.uasset" 97
"../../../Engine/Content/EditorResources/S_Trigger.uexp" 98
"../../../Engine/Content/EditorResources/S_Trigger.ubulk" 99
"../../../Engine/Content/EditorResources/LightIcons/S_LightError.uasset" 100
"../../../Engine/Content/EditorResources/LightIcons/S_LightError.uexp" 101
"../../../Engine/Content/EditorResources/SequenceRecorder/Countdown.uasset" 102
"../../../Engine/Content/EditorResources/SequenceRecorder/Countdown.uexp" 103
"../../../Engine/Content/EditorResources/SequenceRecorder/RecordingIndicator.uasset" 104
"../../../Engine/Content/EditorResources/SequenceRecorder/RecordingIndicator.uexp" 105
"../../../Engine/Content/EngineDamageTypes/DmgTypeBP_Environmental.uasset" 106
"../../../Engine/Content/EngineDamageTypes/DmgTypeBP_Environmental.uexp" 107
"../../../Engine/Content/EngineDebugMaterials/DebugEditorMaterial.uasset" 108
"../../../Engine/Content/EngineDebugMaterials/DebugEditorMaterial.uexp" 109
"../../../Engine/Content/EngineDebugMaterials/DebugMeshMaterial.uasset" 110
"../../../Engine/Content/EngineDebugMaterials/DebugMeshMaterial.uexp" 111
"../../../Engine/Content/EngineDebugMaterials/M_SimpleUnlitTranslucent.uasset" 112
"../../../Engine/Content/EngineDebugMaterials/M_SimpleUnlitTranslucent.uexp" 113
"../../../Engine/Content/EngineDebugMaterials/VolumeToRender.uasset" 114
"../../../Engine/Content/EngineDebugMaterials/VolumeToRender.uexp" 115
"../../../Engine/Content/Functions/Engine_MaterialFunctions02/Utility/CameraDirectionVector.uasset" 116
"../../../Engine/Content/Functions/Engine_MaterialFunctions02/Utility/CameraDirectionVector.uexp" 117
"../../../Engine/Content/EngineDebugMaterials/M_VolumeRenderSphereTracePP.uasset" 118
"../../../Engine/Content/EngineDebugMaterials/M_VolumeRenderSphereTracePP.uexp" 119
"../../../Engine/Content/EngineFonts/Faces/RobotoRegular.uasset" 120
"../../../Engine/Content/EngineFonts/Faces/RobotoRegular.uexp" 121
"../../../Engine/Content/EngineFonts/Faces/RobotoRegular.ufont" 122
"../../../Engine/Content/EngineFonts/Faces/RobotoLight.uasset" 123
"../../../Engine/Content/EngineFonts/Faces/RobotoLight.uexp" 124
"../../../Engine/Content/EngineFonts/Faces/RobotoLight.ufont" 125
"../../../Engine/Content/EngineFonts/Faces/RobotoItalic.uasset" 126
"../../../Engine/Content/EngineFonts/Faces/RobotoItalic.uexp" 127
"../../../Engine/Content/EngineFonts/Faces/RobotoItalic.ufont" 128
"../../../Engine/Content/EngineFonts/Faces/RobotoBoldItalic.uasset" 129
"../../../Engine/Content/EngineFonts/Faces/RobotoBoldItalic.uexp" 130
"../../../Engine/Content/EngineFonts/Faces/RobotoBoldItalic.ufont" 131
"../../../Engine/Content/EngineFonts/Faces/RobotoBold.uasset" 132
"../../../Engine/Content/EngineFonts/Faces/RobotoBold.uexp" 133
"../../../Engine/Content/EngineFonts/Faces/RobotoBold.ufont" 134
"../../../Engine/Content/EngineFonts/Faces/DroidSansFallback.uasset" 135
"../../../Engine/Content/EngineFonts/Faces/DroidSansFallback.uexp" 136
"../../../Engine/Content/EngineFonts/Faces/DroidSansFallback.ufont" 137
"../../../Engine/Content/EngineFonts/Roboto.uasset" 138
"../../../Engine/Content/EngineFonts/Roboto.uexp" 139
"../../../Engine/Content/EngineMaterials/BaseFlattenNormalMap.uasset" 140
"../../../Engine/Content/EngineMaterials/BaseFlattenNormalMap.uexp" 141
"../../../Engine/Content/EngineMaterials/BaseFlattenGrayscaleMap.uasset" 142
"../../../Engine/Content/EngineMaterials/BaseFlattenGrayscaleMap.uexp" 143
"../../../Engine/Content/EngineMaterials/BaseFlattenEmissiveMap.uasset" 144
"../../../Engine/Content/EngineMaterials/BaseFlattenEmissiveMap.uexp" 145
"../../../Engine/Content/EngineMaterials/BaseFlattenDiffuseMap.uasset" 146
"../../../Engine/Content/EngineMaterials/BaseFlattenDiffuseMap.uexp" 147
"../../../Engine/Content/EngineMaterials/BaseFlattenMaterial.uasset" 148
"../../../Engine/Content/EngineMaterials/BaseFlattenMaterial.uexp" 149
"../../../Engine/Content/EngineMaterials/BlueNoise.uasset" 150
"../../../Engine/Content/EngineMaterials/BlueNoise.uexp" 151
"../../../Engine/Content/EngineMaterials/DefaultBloomKernel.uasset" 152
"../../../Engine/Content/EngineMaterials/DefaultBloomKernel.uexp" 153
"../../../Engine/Content/EngineMaterials/DefaultBokeh.uasset" 154
"../../../Engine/Content/EngineMaterials/DefaultBokeh.uexp" 155
"../../../Engine/Content/EngineMaterials/DefaultDiffuse.uasset" 156
"../../../Engine/Content/EngineMaterials/DefaultDiffuse.uexp" 157
"../../../Engine/Content/EngineMaterials/DefaultDiffuse.ubulk" 158
"../../../Engine/Content/EngineMaterials/DefaultDeferredDecalMaterial.uasset" 159
"../../../Engine/Content/EngineMaterials/DefaultDeferredDecalMaterial.uexp" 160
"../../../Engine/Content/EngineMaterials/DefaultLightFunctionMaterial.uasset" 161
"../../../Engine/Content/EngineMaterials/DefaultLightFunctionMaterial.uexp" 162
"../../../Engine/Content/EngineMaterials/DefaultPhysicalMaterial.uasset" 163
"../../../Engine/Content/EngineMaterials/DefaultPhysicalMaterial.uexp" 164
"../../../Engine/Content/Functions/Engine_MaterialFunctions02/Utility/BreakOutFloat2Components.uasset" 165
"../../../Engine/Content/Functions/Engine_MaterialFunctions02/Utility/BreakOutFloat2Components.uexp" 166
"../../../Engine/Content/EngineMaterials/DefaultPostProcessMaterial.uasset" 167
"../../../Engine/Content/EngineMaterials/DefaultPostProcessMaterial.uexp" 168
"../../../Engine/Content/EngineFonts/RobotoDistanceField.uasset" 169
"../../../Engine/Content/EngineFonts/RobotoDistanceField.uexp" 170
"../../../Engine/Content/EngineMaterials/DefaultTextMaterialOpaque.uasset" 171
"../../../Engine/Content/EngineMaterials/DefaultTextMaterialOpaque.uexp" 172
"../../../Engine/Content/EngineMaterials/DefaultWhiteGrid.uasset" 173
"../../../Engine/Content/EngineMaterials/DefaultWhiteGrid.uexp" 174
"../../../Engine/Content/EngineMaterials/DefaultWhiteGrid.ubulk" 175
"../../../Engine/Content/EngineMaterials/DefaultWhiteGrid_Low.uasset" 176
"../../../Engine/Content/EngineMaterials/DefaultWhiteGrid_Low.uexp" 177
"../../../Engine/Content/EngineMaterials/EmissiveMeshMaterial.uasset" 178
"../../../Engine/Content/EngineMaterials/EmissiveMeshMaterial.uexp" 179
"../../../Engine/Content/EngineMaterials/GizmoMaterial.uasset" 180
"../../../Engine/Content/EngineMaterials/GizmoMaterial.uexp" 181
"../../../Engine/Content/EngineMaterials/Good64x64TilingNoiseHighFreq.uasset" 182
"../../../Engine/Content/EngineMaterials/Good64x64TilingNoiseHighFreq.uexp" 183
"../../../Engine/Content/EngineMaterials/MiniFont.uasset" 184
"../../../Engine/Content/EngineMaterials/MiniFont.uexp" 185
"../../../Engine/Content/EngineMaterials/InvalidLightmapSettings.uasset" 186
"../../../Engine/Content/EngineMaterials/InvalidLightmapSettings.uexp" 187
"../../../Engine/Content/EngineMaterials/InvalidLightmapSettings.ubulk" 188
"../../../Engine/Content/EngineMaterials/M_InvalidLightmapSettings.uasset" 189
"../../../Engine/Content/EngineMaterials/M_InvalidLightmapSettings.uexp" 190
"../../../Engine/Content/Functions/Engine_MaterialFunctions02/WorldPositionOffset/CameraOffset.uasset" 191
"../../../Engine/Content/Functions/Engine_MaterialFunctions02/WorldPositionOffset/CameraOffset.uexp" 192
"../../../Engine/Content/EngineMaterials/PhAT_JointLimitMaterial.uasset" 193
"../../../Engine/Content/EngineMaterials/PhAT_JointLimitMaterial.uexp" 194
"../../../Engine/Content/EngineMaterials/DefaultCalibrationColor.uasset" 195
"../../../Engine/Content/EngineMaterials/DefaultCalibrationColor.uexp" 196
"../../../Engine/Content/EngineMaterials/PPM_DefaultCalibrationColor.uasset" 197
"../../../Engine/Content/EngineMaterials/PPM_DefaultCalibrationColor.uexp" 198
"../../../Engine/Content/EngineMaterials/DefaultCalibrationGrayscale.uasset" 199
"../../../Engine/Content/EngineMaterials/DefaultCalibrationGrayscale.uexp" 200
"../../../Engine/Content/EngineMaterials/PPM_DefaultCalibrationGrayscale.uasset" 201
"../../../Engine/Content/EngineMaterials/PPM_DefaultCalibrationGrayscale.uexp" 202
"../../../Engine/Content/EngineMaterials/PreintegratedSkinBRDF.uasset" 203
"../../../Engine/Content/EngineMaterials/PreintegratedSkinBRDF.uexp" 204
"../../../Engine/Content/EngineMaterials/RemoveSurfaceMaterial.uasset" 205
"../../../Engine/Content/EngineMaterials/RemoveSurfaceMaterial.uexp" 206
"../../../Engine/Content/EngineMaterials/WeightMapPlaceholderTexture.uasset" 207
"../../../Engine/Content/EngineMaterials/WeightMapPlaceholderTexture.uexp" 208
"../../../Engine/Content/EngineResources/WhiteSquareTexture.uasset" 209
"../../../Engine/Content/EngineResources/WhiteSquareTexture.uexp" 210
"../../../Engine/Content/EngineMaterials/Widget3DPassThrough.uasset" 211
"../../../Engine/Content/EngineMaterials/Widget3DPassThrough.uexp" 212
"../../../Engine/Content/EngineMaterials/Widget3DPassThrough_Masked.uasset" 213
"../../../Engine/Content/EngineMaterials/Widget3DPassThrough_Masked.uexp" 214
"../../../Engine/Content/EngineMaterials/Widget3DPassThrough_Opaque.uasset" 215
"../../../Engine/Content/EngineMaterials/Widget3DPassThrough_Opaque.uexp" 216
"../../../Engine/Content/EngineMaterials/Widget3DPassThrough_Masked_OneSided.uasset" 217
"../../../Engine/Content/EngineMaterials/Widget3DPassThrough_Masked_OneSided.uexp" 218
"../../../Engine/Content/EngineMaterials/Widget3DPassThrough_Opaque_OneSided.uasset" 219
"../../../Engine/Content/EngineMaterials/Widget3DPassThrough_Opaque_OneSided.uexp" 220
"../../../Engine/Content/EngineMaterials/Widget3DPassThrough_Translucent.uasset" 221
"../../../Engine/Content/EngineMaterials/Widget3DPassThrough_Translucent.uexp" 222
"../../../Engine/Content/EngineMaterials/Widget3DPassThrough_Translucent_OneSided.uasset" 223
"../../../Engine/Content/EngineMaterials/Widget3DPassThrough_Translucent_OneSided.uexp" 224
"../../../Engine/Content/EngineMeshes/Cylinder.uasset" 225
"../../../Engine/Content/EngineMeshes/Cylinder.uexp" 226
"../../../Engine/Content/EngineMeshes/Sphere.uasset" 227
"../../../Engine/Content/EngineMeshes/Sphere.uexp" 228
"../../../Engine/Content/EngineResources/DefaultTextureCube.uasset" 229
"../../../Engine/Content/EngineResources/DefaultTextureCube.uexp" 230
"../../../Engine/Content/EngineResources/DefaultVolumeTexture2D.uasset" 231
"../../../Engine/Content/EngineResources/DefaultVolumeTexture2D.uexp" 232
"../../../Engine/Content/EngineResources/DefaultVolumeTexture.uasset" 233
"../../../Engine/Content/EngineResources/DefaultVolumeTexture.uexp" 234
"../../../Engine/Content/EngineResources/GradientTexture0.uasset" 235
"../../../Engine/Content/EngineResources/GradientTexture0.uexp" 236
"../../../Engine/Content/EngineSky/VolumetricClouds/T_NoiseShape64.uasset" 237
"../../../Engine/Content/EngineSky/VolumetricClouds/T_NoiseShape64.uexp" 238
"../../../Engine/Content/EngineSky/VolumetricClouds/T_NoiseShape64.ubulk" 239
"../../../Engine/Content/EngineSky/VolumetricClouds/T_VolumeNoiseShape64.uasset" 240
"../../../Engine/Content/EngineSky/VolumetricClouds/T_VolumeNoiseShape64.uexp" 241
"../../../Engine/Content/EngineSky/VolumetricClouds/T_NoiseErosion.uasset" 242
"../../../Engine/Content/EngineSky/VolumetricClouds/T_NoiseErosion.uexp" 243
"../../../Engine/Content/EngineSky/VolumetricClouds/T_NoiseErosion.ubulk" 244
"../../../Engine/Content/EngineSky/VolumetricClouds/T_VolumeNoiseErosion32.uasset" 245
"../../../Engine/Content/EngineSky/VolumetricClouds/T_VolumeNoiseErosion32.uexp" 246
"../../../Engine/Content/EngineSky/VolumetricClouds/CloudWeatherTexture.uasset" 247
"../../../Engine/Content/EngineSky/VolumetricClouds/CloudWeatherTexture.uexp" 248
"../../../Engine/Content/EngineSky/VolumetricClouds/CloudGradientTexture.uasset" 249
"../../../Engine/Content/EngineSky/VolumetricClouds/CloudGradientTexture.uexp" 250
"../../../Engine/Content/Functions/Engine_MaterialFunctions02/Utility/MakeFloat2.uasset" 251
"../../../Engine/Content/Functions/Engine_MaterialFunctions02/Utility/MakeFloat2.uexp" 252
"../../../Engine/Content/EngineSky/VolumetricClouds/m_SimpleVolumetricCloud.uasset" 253
"../../../Engine/Content/EngineSky/VolumetricClouds/m_SimpleVolumetricCloud.uexp" 254
"../../../Engine/Content/EngineSky/VolumetricClouds/m_SimpleVolumetricCloud_Inst.uasset" 255
"../../../Engine/Content/EngineSky/VolumetricClouds/m_SimpleVolumetricCloud_Inst.uexp" 256
"../../../Engine/Content/EngineSounds/Master.uasset" 257
"../../../Engine/Content/EngineSounds/Master.uexp" 258
"../../../Engine/Content/Functions/Engine_MaterialFunctions01/Shading/ConvertFromDiffSpec.uasset" 259
"../../../Engine/Content/Functions/Engine_MaterialFunctions01/Shading/ConvertFromDiffSpec.uexp" 260
"../../../Engine/Content/Functions/Engine_MaterialFunctions01/Shading/PowerToRoughness.uasset" 261
"../../../Engine/Content/Functions/Engine_MaterialFunctions01/Shading/PowerToRoughness.uexp" 262
"../../../Engine/Content/Maps/Templates/Thumbnails/Default.uasset" 263
"../../../Engine/Content/Maps/Templates/Thumbnails/Default.uexp" 264
"../../../Engine/Content/Maps/Templates/Thumbnails/TimeOfDay.uasset" 265
"../../../Engine/Content/Maps/Templates/Thumbnails/TimeOfDay.uexp" 266
"../../../Engine/Content/Maps/Templates/Thumbnails/VR-Basic.uasset" 267
"../../../Engine/Content/Maps/Templates/Thumbnails/VR-Basic.uexp" 268
"../../../Engine/Content/MobileResources/T_MobileControls_texture.uasset" 269
"../../../Engine/Content/MobileResources/T_MobileControls_texture.uexp" 270
"../../../Engine/Content/MobileResources/T_MobileMenu2.uasset" 271
"../../../Engine/Content/MobileResources/T_MobileMenu2.uexp" 272
"../../../Engine/Content/MobileResources/HUD/AnalogHat.uasset" 273
"../../../Engine/Content/MobileResources/HUD/AnalogHat.uexp" 274
"../../../Engine/Content/MobileResources/HUD/VirtualJoystick_Thumb.uasset" 275
"../../../Engine/Content/MobileResources/HUD/VirtualJoystick_Thumb.uexp" 276
"../../../Engine/Content/MobileResources/HUD/VirtualJoystick_Background.uasset" 277
"../../../Engine/Content/MobileResources/HUD/VirtualJoystick_Background.uexp" 278
"../../../Engine/Content/MobileResources/HUD/DefaultVirtualJoysticks.uasset" 279
"../../../Engine/Content/MobileResources/HUD/DefaultVirtualJoysticks.uexp" 280
"../../../Engine/Content/MobileResources/HUD/LeftVirtualJoystickOnly.uasset" 281
"../../../Engine/Content/MobileResources/HUD/LeftVirtualJoystickOnly.uexp" 282
"../../../Engine/Content/MobileResources/HUD/MobileHUDButton1_off.uasset" 283
"../../../Engine/Content/MobileResources/HUD/MobileHUDButton1_off.uexp" 284
"../../../Engine/Content/MobileResources/HUD/MobileHUDButton1_on.uasset" 285
"../../../Engine/Content/MobileResources/HUD/MobileHUDButton1_on.uexp" 286
"../../../Engine/Content/MobileResources/HUD/MobileHUDButton2_off.uasset" 287
"../../../Engine/Content/MobileResources/HUD/MobileHUDButton2_off.uexp" 288
"../../../Engine/Content/MobileResources/HUD/MobileHUDButton2_on.uasset" 289
"../../../Engine/Content/MobileResources/HUD/MobileHUDButton2_on.uexp" 290
"../../../Engine/Content/MobileResources/HUD/MobileHUDButton3.uasset" 291
"../../../Engine/Content/MobileResources/HUD/MobileHUDButton3.uexp" 292
"../../../Engine/Content/MobileResources/HUD/MobileHUDButtonFire.uasset" 293
"../../../Engine/Content/MobileResources/HUD/MobileHUDButtonFire.uexp" 294
"../../../Engine/Content/MobileResources/HUD/MobileHUDDirectionPad.uasset" 295
"../../../Engine/Content/MobileResources/HUD/MobileHUDDirectionPad.uexp" 296
"../../../Engine/Content/MobileResources/HUD/MobileHUDDirectionPad2.uasset" 297
"../../../Engine/Content/MobileResources/HUD/MobileHUDDirectionPad2.uexp" 298
"../../../Engine/Content/MobileResources/HUD/MobileHUDDirectionPad3.uasset" 299
"../../../Engine/Content/MobileResources/HUD/MobileHUDDirectionPad3.uexp" 300
"../../../Engine/Content/MobileResources/HUD/MobileHUDDirectionStick.uasset" 301
"../../../Engine/Content/MobileResources/HUD/MobileHUDDirectionStick.uexp" 302
"../../../Engine/Content/MobileResources/HUD/T_Castle_ThumbstickInner.uasset" 303
"../../../Engine/Content/MobileResources/HUD/T_Castle_ThumbstickInner.uexp" 304
"../../../Engine/Content/MobileResources/HUD/T_Castle_ThumbstickOutter.uasset" 305
"../../../Engine/Content/MobileResources/HUD/T_Castle_ThumbstickOutter.uexp" 306
"../../../Engine/Content/Tutorial/ContentIntroCurve.uasset" 307
"../../../Engine/Content/Tutorial/ContentIntroCurve.uexp" 308
"../../../Engine/Content/Tutorial/Basics/TutorialAssets/icon_tab_Levels_40x.uasset" 309
"../../../Engine/Content/Tutorial/Basics/TutorialAssets/icon_tab_Levels_40x.uexp" 310
"../../../Engine/Content/VREditor/TransformGizmo/TranslucentTransformGizmoMaterial.uasset" 311
"../../../Engine/Content/VREditor/TransformGizmo/TranslucentTransformGizmoMaterial.uexp" 312
"../../../Engine/Content/VREditor/LaserPointer/VR_LaserPower_01.uasset" 313
"../../../Engine/Content/VREditor/LaserPointer/VR_LaserPower_01.uexp" 314
"../../../Engine/Content/VREditor/LaserPointer/VR_LaserPower_01.ubulk" 315
"../../../Engine/Content/VREditor/TransformGizmo/TransformGizmoMaterial.uasset" 316
"../../../Engine/Content/VREditor/TransformGizmo/TransformGizmoMaterial.uexp" 317
"../../../Engine/Content/VREditor/TransformGizmo/BoundingBoxCorner.uasset" 318
"../../../Engine/Content/VREditor/TransformGizmo/BoundingBoxCorner.uexp" 319
"../../../Engine/Content/VREditor/TransformGizmo/BoundingBoxEdge.uasset" 320
"../../../Engine/Content/VREditor/TransformGizmo/BoundingBoxEdge.uexp" 321
"../../../Engine/Content/VREditor/TransformGizmo/PlaneTranslationHandle.uasset" 322
"../../../Engine/Content/VREditor/TransformGizmo/PlaneTranslationHandle.uexp" 323
"../../../Engine/Content/VREditor/TransformGizmo/Xray.uasset" 324
"../../../Engine/Content/VREditor/TransformGizmo/Xray.uexp" 325
"../../../Engine/Content/VREditor/TransformGizmo/Main.uasset" 326
"../../../Engine/Content/VREditor/TransformGizmo/Main.uexp" 327
"../../../Engine/Content/VREditor/TransformGizmo/SM_Sequencer_Key.uasset" 328
"../../../Engine/Content/VREditor/TransformGizmo/SM_Sequencer_Key.uexp" 329
"../../../Engine/Content/VREditor/TransformGizmo/SM_Sequencer_Node.uasset" 330
"../../../Engine/Content/VREditor/TransformGizmo/SM_Sequencer_Node.uexp" 331
"../../../Engine/Content/Functions/Engine_MaterialFunctions02/Utility/VectorLength.uasset" 332
"../../../Engine/Content/Functions/Engine_MaterialFunctions02/Utility/VectorLength.uexp" 333
"../../../Engine/Content/Functions/Engine_MaterialFunctions02/ObjectLocalBounds.uasset" 334
"../../../Engine/Content/Functions/Engine_MaterialFunctions02/ObjectLocalBounds.uexp" 335
"../../../Engine/Content/Functions/Engine_MaterialFunctions02/WorldPositionOffset/ObjectScale.uasset" 336
"../../../Engine/Content/Functions/Engine_MaterialFunctions02/WorldPositionOffset/ObjectScale.uexp" 337
"../../../Engine/Content/Functions/Engine_MaterialFunctions02/Utility/BreakOutFloat3Components.uasset" 338
"../../../Engine/Content/Functions/Engine_MaterialFunctions02/Utility/BreakOutFloat3Components.uexp" 339
"../../../Engine/Content/Functions/Engine_MaterialFunctions02/UVs/BoundingBoxBased_0-1_UVW.uasset" 340
"../../../Engine/Content/Functions/Engine_MaterialFunctions02/UVs/BoundingBoxBased_0-1_UVW.uexp" 341
"../../../Engine/Content/Functions/Engine_MaterialFunctions02/SafeNormalize.uasset" 342
"../../../Engine/Content/Functions/Engine_MaterialFunctions02/SafeNormalize.uexp" 343
"../../../Engine/Plugins/Editor/SpeedTreeImporter/Content/SpeedTree9/UnpackInteger3.uasset" 344
"../../../Engine/Plugins/Editor/SpeedTreeImporter/Content/SpeedTree9/UnpackInteger3.uexp" 345
"../../../Engine/Plugins/Editor/SpeedTreeImporter/Content/SpeedTree9/UnpackDirection.uasset" 346
"../../../Engine/Plugins/Editor/SpeedTreeImporter/Content/SpeedTree9/UnpackDirection.uexp" 347
"../../../Engine/Plugins/Editor/SpeedTreeImporter/Content/SpeedTree9/game_wind_noise.uasset" 348
"../../../Engine/Plugins/Editor/SpeedTreeImporter/Content/SpeedTree9/game_wind_noise.uexp" 349
"../../../Engine/Plugins/Editor/SpeedTreeImporter/Content/SpeedTree9/game_wind_noise.ubulk" 350
"../../../Engine/Plugins/Editor/SpeedTreeImporter/Content/SpeedTree9/SpeedTreeWindMotion.uasset" 351
"../../../Engine/Plugins/Editor/SpeedTreeImporter/Content/SpeedTree9/SpeedTreeWindMotion.uexp" 352
"../../../Engine/Plugins/Editor/SpeedTreeImporter/Content/SpeedTree9/SpeedTreeBranchMotion.uasset" 353
"../../../Engine/Plugins/Editor/SpeedTreeImporter/Content/SpeedTree9/SpeedTreeBranchMotion.uexp" 354
"../../../Engine/Plugins/Editor/SpeedTreeImporter/Content/SpeedTree9/SpeedTreeWind.uasset" 355
"../../../Engine/Plugins/Editor/SpeedTreeImporter/Content/SpeedTree9/SpeedTreeWind.uexp" 356
"../../../Engine/Plugins/Editor/SpeedTreeImporter/Content/SpeedTree9/SpeedTreeBillboard.uasset" 357
"../../../Engine/Plugins/Editor/SpeedTreeImporter/Content/SpeedTree9/SpeedTreeBillboard.uexp" 358
"../../../Engine/Plugins/Editor/SpeedTreeImporter/Content/SpeedTree9/EmptyNormal.uasset" 359
"../../../Engine/Plugins/Editor/SpeedTreeImporter/Content/SpeedTree9/EmptyNormal.uexp" 360
"../../../Engine/Plugins/Editor/SpeedTreeImporter/Content/SpeedTree9/Empty.uasset" 361
"../../../Engine/Plugins/Editor/SpeedTreeImporter/Content/SpeedTree9/Empty.uexp" 362
"../../../Engine/Plugins/Editor/SpeedTreeImporter/Content/SpeedTree9/SpeedTreeBillboardMaster.uasset" 363
"../../../Engine/Plugins/Editor/SpeedTreeImporter/Content/SpeedTree9/SpeedTreeBillboardMaster.uexp" 364
"../../../Engine/Plugins/Editor/SpeedTreeImporter/Content/SpeedTree9/SpeedTreeCameraFacing.uasset" 365
"../../../Engine/Plugins/Editor/SpeedTreeImporter/Content/SpeedTree9/SpeedTreeCameraFacing.uexp" 366
"../../../Engine/Plugins/Editor/SpeedTreeImporter/Content/SpeedTree9/SpeedTreeMaster.uasset" 367
"../../../Engine/Plugins/Editor/SpeedTreeImporter/Content/SpeedTree9/SpeedTreeMaster.uexp" 368
"../../../Engine/Content/ArtTools/RenderToTexture/Textures/127grey.uasset" 369
"../../../Engine/Content/ArtTools/RenderToTexture/Textures/127grey.uexp" 370
"../../../Engine/Content/Functions/Engine_MaterialFunctions02/Texturing/CustomRotator.uasset" 371
"../../../Engine/Content/Functions/Engine_MaterialFunctions02/Texturing/CustomRotator.uexp" 372
"../../../Engine/Content/Functions/Engine_MaterialFunctions01/Texturing/FlattenNormal.uasset" 373
"../../../Engine/Content/Functions/Engine_MaterialFunctions01/Texturing/FlattenNormal.uexp" 374
"../../../Engine/Content/Functions/Engine_MaterialFunctions02/HueShift.uasset" 375
"../../../Engine/Content/Functions/Engine_MaterialFunctions02/HueShift.uexp" 376
"../../../Engine/Content/EngineMaterials/T_Default_Normal.uasset" 377
"../../../Engine/Content/EngineMaterials/T_Default_Normal.uexp" 378
"../../../Engine/Content/EngineMaterials/T_Default_Normal.ubulk" 379
"../../../Engine/Content/EngineResources/Black.uasset" 380
"../../../Engine/Content/EngineResources/Black.uexp" 381
"../../../Engine/Content/EditorLandscapeResources/WhiteSquareTexture.uasset" 382
"../../../Engine/Content/EditorLandscapeResources/WhiteSquareTexture.uexp" 383
"../../../Engine/Plugins/Enterprise/DatasmithContent/Content/Materials/TileMirrorAxis.uasset" 384
"../../../Engine/Plugins/Enterprise/DatasmithContent/Content/Materials/TileMirrorAxis.uexp" 385
"../../../Engine/Plugins/Enterprise/DatasmithContent/Content/Materials/UVEdit.uasset" 386
"../../../Engine/Plugins/Enterprise/DatasmithContent/Content/Materials/UVEdit.uexp" 387
"../../../Engine/Plugins/Enterprise/DatasmithContent/Content/Materials/C4DMasterUV.uasset" 388
"../../../Engine/Plugins/Enterprise/DatasmithContent/Content/Materials/C4DMasterUV.uexp" 389
"../../../Engine/Plugins/Enterprise/DatasmithContent/Content/Materials/C4DMaster.uasset" 390
"../../../Engine/Plugins/Enterprise/DatasmithContent/Content/Materials/C4DMaster.uexp" 391
"../../../Engine/Content/EngineMaterials/FlatNormal.uasset" 392
"../../../Engine/Content/EngineMaterials/FlatNormal.uexp" 393
"../../../Engine/Plugins/Enterprise/DatasmithContent/Content/Materials/CE_BaseMaster.uasset" 394
"../../../Engine/Plugins/Enterprise/DatasmithContent/Content/Materials/CE_BaseMaster.uexp" 395
"../../../Engine/Plugins/Enterprise/DatasmithContent/Content/Materials/CE_OpacityMaster.uasset" 396
"../../../Engine/Plugins/Enterprise/DatasmithContent/Content/Materials/CE_OpacityMaster.uexp" 397
"../../../Engine/Plugins/Enterprise/DatasmithContent/Content/Materials/CE_OpacitySimpleMaster.uasset" 398
"../../../Engine/Plugins/Enterprise/DatasmithContent/Content/Materials/CE_OpacitySimpleMaster.uexp" 399
"../../../Engine/Plugins/Enterprise/DatasmithContent/Content/Materials/CE_OpaqueMaster.uasset" 400
"../../../Engine/Plugins/Enterprise/DatasmithContent/Content/Materials/CE_OpaqueMaster.uexp" 401
"../../../Engine/Content/Functions/Engine_MaterialFunctions03/Procedurals/NormalFromHeightmap.uasset" 402
"../../../Engine/Content/Functions/Engine_MaterialFunctions03/Procedurals/NormalFromHeightmap.uexp" 403
"../../../Engine/Content/EngineResources/DefaultTexture.uasset" 404
"../../../Engine/Content/EngineResources/DefaultTexture.uexp" 405
"../../../Engine/Content/EngineResources/DefaultTexture.ubulk" 406
"../../../Engine/Plugins/Enterprise/DatasmithContent/Content/Materials/RevitMaster.uasset" 407
"../../../Engine/Plugins/Enterprise/DatasmithContent/Content/Materials/RevitMaster.uexp" 408
"../../../Engine/Plugins/Enterprise/DatasmithContent/Content/Materials/SketchUpMaster.uasset" 409
"../../../Engine/Plugins/Enterprise/DatasmithContent/Content/Materials/SketchUpMaster.uexp" 410
"../../../Engine/Content/BasicShapes/Cylinder.uasset" 411
"../../../Engine/Content/BasicShapes/Cylinder.uexp" 412
"../../../Engine/Content/ArtTools/RenderToTexture/Materials/Debug/M_Emissive_Color.uasset" 413
"../../../Engine/Content/ArtTools/RenderToTexture/Materials/Debug/M_Emissive_Color.uexp" 414
"../../../Engine/Plugins/Runtime/AR/ARUtilities/Content/Materials/DummyExternalTexture.uasset" 415
"../../../Engine/Plugins/Runtime/AR/ARUtilities/Content/Materials/DummyExternalTexture.uexp" 416
"../../../Engine/Plugins/Runtime/AR/ARUtilities/Content/Materials/M_PassthroughCamera.uasset" 417
"../../../Engine/Plugins/Runtime/AR/ARUtilities/Content/Materials/M_PassthroughCamera.uexp" 418
"../../../Engine/Plugins/Runtime/AR/ARUtilities/Content/Materials/MI_PassthroughCameraExternalTexture.uasset" 419
"../../../Engine/Plugins/Runtime/AR/ARUtilities/Content/Materials/MI_PassthroughCameraExternalTexture.uexp" 420
"../../../Engine/Plugins/Runtime/AR/ARUtilities/Content/Materials/M_ScreenSpacePassthroughCamera.uasset" 421
"../../../Engine/Plugins/Runtime/AR/ARUtilities/Content/Materials/M_ScreenSpacePassthroughCamera.uexp" 422
"../../../Engine/Plugins/Runtime/AR/ARUtilities/Content/Materials/MI_ScreenSpacePassthroughCameraExternalTexture.uasset" 423
"../../../Engine/Plugins/Runtime/AR/ARUtilities/Content/Materials/MI_ScreenSpacePassthroughCameraExternalTexture.uexp" 424
"../../../Engine/Plugins/Runtime/AR/ARUtilities/Content/Materials/MF_DistanceColorLerp.uasset" 425
"../../../Engine/Plugins/Runtime/AR/ARUtilities/Content/Materials/MF_DistanceColorLerp.uexp" 426
"../../../Engine/Plugins/Runtime/AR/ARUtilities/Content/Materials/M_DepthColoration.uasset" 427
"../../../Engine/Plugins/Runtime/AR/ARUtilities/Content/Materials/M_DepthColoration.uexp" 428
"../../../Engine/Plugins/Runtime/AR/Google/GoogleARCore/Content/M_SceneDepthOcclusion.uasset" 429
"../../../Engine/Plugins/Runtime/AR/Google/GoogleARCore/Content/M_SceneDepthOcclusion.uexp" 430
"F:/Practice/EducationAR/Content/ARPractice/FirstMap_BuiltData.uasset" 431
"F:/Practice/EducationAR/Content/ARPractice/FirstMap_BuiltData.uexp" 432
"F:/Practice/EducationAR/Content/ProductAssets/Materials/M_Plastic.uasset" 433
"F:/Practice/EducationAR/Content/ProductAssets/Materials/M_Plastic.uexp" 434
"F:/Practice/EducationAR/Content/ProductAssets/Mesh/SM_Manequin.uasset" 435
"F:/Practice/EducationAR/Content/ProductAssets/Mesh/SM_Manequin.uexp" 436
"F:/Practice/EducationAR/Content/ARPractice/Model/simple.uasset" 437
"F:/Practice/EducationAR/Content/ARPractice/Model/simple.uexp" 438
"F:/Practice/EducationAR/Content/ARPractice/Model/Oculus.uasset" 439
"F:/Practice/EducationAR/Content/ARPractice/Model/Oculus.uexp" 440
"F:/Practice/EducationAR/Content/ARPractice/Frameworks/M3.uasset" 441
"F:/Practice/EducationAR/Content/ARPractice/Frameworks/M3.uexp" 442
"F:/Practice/EducationAR/Content/ARPractice/Frameworks/AR_CandidateIMG2.uasset" 443
"F:/Practice/EducationAR/Content/ARPractice/Frameworks/AR_CandidateIMG2.uexp" 444
"F:/Practice/EducationAR/Content/ARPractice/Frameworks/qr-code.uasset" 445
"F:/Practice/EducationAR/Content/ARPractice/Frameworks/qr-code.uexp" 446
"F:/Practice/EducationAR/Content/ARPractice/Frameworks/AR_CandidateIMG1.uasset" 447
"F:/Practice/EducationAR/Content/ARPractice/Frameworks/AR_CandidateIMG1.uexp" 448
"F:/Practice/EducationAR/Content/ARPractice/Frameworks/AR_Actor.uasset" 449
"F:/Practice/EducationAR/Content/ARPractice/Frameworks/AR_Actor.uexp" 450
"../../../Engine/Content/EditorBlueprintResources/StandardMacros.uasset" 451
"../../../Engine/Content/EditorBlueprintResources/StandardMacros.uexp" 452
"F:/Practice/EducationAR/Content/ARPractice/chinese_garden_4k.uasset" 453
"F:/Practice/EducationAR/Content/ARPractice/chinese_garden_4k.uexp" 454
"F:/Practice/EducationAR/Content/ARPractice/FirstMap.uexp" 455
"F:/Practice/EducationAR/Content/ARPractice/FirstMap.umap" 456
"../../../Engine/Content/Maps/Entry_BuiltData.uasset" 457
"../../../Engine/Content/Maps/Entry_BuiltData.uexp" 458
"../../../Engine/Content/Maps/Entry.uexp" 459
"../../../Engine/Content/Maps/Entry.umap" 460
