"../../../Engine/Content/EngineMaterials/T_Default_Material_Grid_N.uasset" 0
"../../../Engine/Content/EngineMaterials/T_Default_Material_Grid_N.uexp" 1
"../../../Engine/Content/EngineMaterials/T_Default_Material_Grid_N.ubulk" 2
"../../../Engine/Content/EngineMaterials/T_Default_Material_Grid_M.uasset" 3
"../../../Engine/Content/EngineMaterials/T_Default_Material_Grid_M.uexp" 4
"../../../Engine/Content/EngineMaterials/T_Default_Material_Grid_M.ubulk" 5
"../../../Engine/Content/Functions/Engine_MaterialFunctions01/Opacity/CameraDepthFade.uasset" 6
"../../../Engine/Content/Functions/Engine_MaterialFunctions01/Opacity/CameraDepthFade.uexp" 7
"../../../Engine/Content/EngineMaterials/WorldGridMaterial.uasset" 8
"../../../Engine/Content/EngineMaterials/WorldGridMaterial.uexp" 9
"../../../Engine/Content/ArtTools/RenderToTexture/Meshes/S_1_Unit_Plane.uasset" 10
"../../../Engine/Content/ArtTools/RenderToTexture/Meshes/S_1_Unit_Plane.uexp" 11
"../../../Engine/Content/EngineMaterials/DefaultMaterial.uasset" 12
"../../../Engine/Content/EngineMaterials/DefaultMaterial.uexp" 13
"../../../Engine/Content/BasicShapes/Cone.uasset" 14
"../../../Engine/Content/BasicShapes/Cone.uexp" 15
"../../../Engine/Content/BasicShapes/Cube.uasset" 16
"../../../Engine/Content/BasicShapes/Cube.uexp" 17
"../../../Engine/Content/BasicShapes/Sphere.uasset" 18
"../../../Engine/Content/BasicShapes/Sphere.uexp" 19
"../../../Engine/Content/EditorLandscapeResources/DataLayer.uasset" 20
"../../../Engine/Content/EditorLandscapeResources/DataLayer.uexp" 21
"../../../Engine/Content/EditorLandscapeResources/DefaultAlphaTexture.uasset" 22
"../../../Engine/Content/EditorLandscapeResources/DefaultAlphaTexture.uexp" 23
"../../../Engine/Content/EditorMaterials/MAT_Groups_Toggle.uasset" 24
"../../../Engine/Content/EditorMaterials/MAT_Groups_Toggle.uexp" 25
"../../../Engine/Content/EditorMaterials/MAT_Groups_Visibility.uasset" 26
"../../../Engine/Content/EditorMaterials/MAT_Groups_Visibility.uexp" 27
"../../../Engine/Content/EditorMaterials/PreviewShadowIndicator.uasset" 28
"../../../Engine/Content/EditorMaterials/PreviewShadowIndicator.uexp" 29
"../../../Engine/Content/EditorMaterials/PreviewShadowIndicator.ubulk" 30
"../../../Engine/Content/EditorMaterials/PreviewShadowIndicatorMaterial.uasset" 31
"../../../Engine/Content/EditorMaterials/PreviewShadowIndicatorMaterial.uexp" 32
"../../../Engine/Content/EditorMaterials/AssetViewer/EpicQuadPanorama_CC+EV1.uasset" 33
"../../../Engine/Content/EditorMaterials/AssetViewer/EpicQuadPanorama_CC+EV1.uexp" 34
"../../../Engine/Content/EditorMaterials/MatineeGroups/MAT_ColorTrack.uasset" 35
"../../../Engine/Content/EditorMaterials/MatineeGroups/MAT_ColorTrack.uexp" 36
"../../../Engine/Content/EditorMaterials/MatineeGroups/MAT_Groups_Anim.uasset" 37
"../../../Engine/Content/EditorMaterials/MatineeGroups/MAT_Groups_Anim.uexp" 38
"../../../Engine/Content/EditorMaterials/MatineeGroups/MAT_Groups_AudioMaster.uasset" 39
"../../../Engine/Content/EditorMaterials/MatineeGroups/MAT_Groups_AudioMaster.uexp" 40
"../../../Engine/Content/EditorMaterials/MatineeGroups/MAT_Groups_Director.uasset" 41
"../../../Engine/Content/EditorMaterials/MatineeGroups/MAT_Groups_Director.uexp" 42
"../../../Engine/Content/EditorMaterials/MatineeGroups/MAT_Groups_Event.uasset" 43
"../../../Engine/Content/EditorMaterials/MatineeGroups/MAT_Groups_Event.uexp" 44
"../../../Engine/Content/EditorMaterials/MatineeGroups/MAT_Groups_Fade.uasset" 45
"../../../Engine/Content/EditorMaterials/MatineeGroups/MAT_Groups_Fade.uexp" 46
"../../../Engine/Content/EditorMaterials/MatineeGroups/MAT_Groups_Float.uasset" 47
"../../../Engine/Content/EditorMaterials/MatineeGroups/MAT_Groups_Float.uexp" 48
"../../../Engine/Content/EditorMaterials/MatineeGroups/MAT_Groups_Move.uasset" 49
"../../../Engine/Content/EditorMaterials/MatineeGroups/MAT_Groups_Move.uexp" 50
"../../../Engine/Content/EditorMaterials/MatineeGroups/MAT_Groups_Slomo.uasset" 51
"../../../Engine/Content/EditorMaterials/MatineeGroups/MAT_Groups_Slomo.uexp" 52
"../../../Engine/Content/EditorMaterials/MatineeGroups/MAT_Groups_Sound.uasset" 53
"../../../Engine/Content/EditorMaterials/MatineeGroups/MAT_Groups_Sound.uexp" 54
"../../../Engine/Content/EditorMaterials/MatineeGroups/MAT_Groups_Vector.uasset" 55
"../../../Engine/Content/EditorMaterials/MatineeGroups/MAT_Groups_Vector.uexp" 56
"../../../Engine/Content/EditorMaterials/ParticleSystems/PSysThumbnail_NoImage.uasset" 57
"../../../Engine/Content/EditorMaterials/ParticleSystems/PSysThumbnail_NoImage.uexp" 58
"../../../Engine/Content/EditorMaterials/ParticleSystems/PSysThumbnail_NoImage.ubulk" 59
"../../../Engine/Content/EditorMaterials/ParticleSystems/PSysThumbnail_OOD.uasset" 60
"../../../Engine/Content/EditorMaterials/ParticleSystems/PSysThumbnail_OOD.uexp" 61
"../../../Engine/Content/EditorMaterials/ParticleSystems/PSysThumbnail_OOD.ubulk" 62
"../../../Engine/Content/EditorMaterials/Camera/CineMat.uasset" 63
"../../../Engine/Content/EditorMaterials/Camera/CineMat.uexp" 64
"../../../Engine/Content/EditorMaterials/Camera/MI_CineMat_Rig.uasset" 65
"../../../Engine/Content/EditorMaterials/Camera/MI_CineMat_Rig.uexp" 66
"../../../Engine/Content/EditorMeshes/Camera/SM_CraneRig_Arm.uasset" 67
"../../../Engine/Content/EditorMeshes/Camera/SM_CraneRig_Arm.uexp" 68
"../../../Engine/Content/EditorMeshes/Camera/SM_CraneRig_Base.uasset" 69
"../../../Engine/Content/EditorMeshes/Camera/SM_CraneRig_Base.uexp" 70
"../../../Engine/Content/EditorMeshes/Camera/SM_CraneRig_Body.uasset" 71
"../../../Engine/Content/EditorMeshes/Camera/SM_CraneRig_Body.uexp" 72
"../../../Engine/Content/EditorMeshes/Camera/SM_CraneRig_Mount.uasset" 73
"../../../Engine/Content/EditorMeshes/Camera/SM_CraneRig_Mount.uexp" 74
"../../../Engine/Content/EditorMeshes/Camera/SM_RailRig_Mount.uasset" 75
"../../../Engine/Content/EditorMeshes/Camera/SM_RailRig_Mount.uexp" 76
"../../../Engine/Content/EditorMeshes/Camera/SM_RailRig_Track.uasset" 77
"../../../Engine/Content/EditorMeshes/Camera/SM_RailRig_Track.uexp" 78
"../../../Engine/Content/EditorResources/BSPVertex.uasset" 79
"../../../Engine/Content/EditorResources/BSPVertex.uexp" 80
"../../../Engine/Content/EditorResources/EmptyActor.uasset" 81
"../../../Engine/Content/EditorResources/EmptyActor.uexp" 82
"../../../Engine/Content/EditorResources/S_Actor.uasset" 83
"../../../Engine/Content/EditorResources/S_Actor.uexp" 84
"../../../Engine/Content/EditorResources/S_Actor.ubulk" 85
"../../../Engine/Content/EditorResources/S_Note.uasset" 86
"../../../Engine/Content/EditorResources/S_Note.uexp" 87
"../../../Engine/Content/EditorResources/S_Note.ubulk" 88
"../../../Engine/Content/EditorResources/S_Solver.uasset" 89
"../../../Engine/Content/EditorResources/S_Solver.uexp" 90
"../../../Engine/Content/EditorResources/S_Solver.ubulk" 91
"../../../Engine/Content/EditorResources/S_Terrain.uasset" 92
"../../../Engine/Content/EditorResources/S_Terrain.uexp" 93
"../../../Engine/Content/EditorResources/S_Terrain.ubulk" 94
"../../../Engine/Content/EditorResources/S_Trigger.uasset" 95
"../../../Engine/Content/EditorResources/S_Trigger.uexp" 96
"../../../Engine/Content/EditorResources/S_Trigger.ubulk" 97
"../../../Engine/Content/EditorResources/LightIcons/S_LightError.uasset" 98
"../../../Engine/Content/EditorResources/LightIcons/S_LightError.uexp" 99
"../../../Engine/Content/EditorResources/SequenceRecorder/Countdown.uasset" 100
"../../../Engine/Content/EditorResources/SequenceRecorder/Countdown.uexp" 101
"../../../Engine/Content/EditorResources/SequenceRecorder/RecordingIndicator.uasset" 102
"../../../Engine/Content/EditorResources/SequenceRecorder/RecordingIndicator.uexp" 103
"../../../Engine/Content/EngineDamageTypes/DmgTypeBP_Environmental.uasset" 104
"../../../Engine/Content/EngineDamageTypes/DmgTypeBP_Environmental.uexp" 105
"../../../Engine/Content/EngineDebugMaterials/DebugEditorMaterial.uasset" 106
"../../../Engine/Content/EngineDebugMaterials/DebugEditorMaterial.uexp" 107
"../../../Engine/Content/EngineDebugMaterials/DebugMeshMaterial.uasset" 108
"../../../Engine/Content/EngineDebugMaterials/DebugMeshMaterial.uexp" 109
"../../../Engine/Content/EngineDebugMaterials/M_SimpleUnlitTranslucent.uasset" 110
"../../../Engine/Content/EngineDebugMaterials/M_SimpleUnlitTranslucent.uexp" 111
"../../../Engine/Content/EngineDebugMaterials/VolumeToRender.uasset" 112
"../../../Engine/Content/EngineDebugMaterials/VolumeToRender.uexp" 113
"../../../Engine/Content/Functions/Engine_MaterialFunctions02/Utility/CameraDirectionVector.uasset" 114
"../../../Engine/Content/Functions/Engine_MaterialFunctions02/Utility/CameraDirectionVector.uexp" 115
"../../../Engine/Content/EngineDebugMaterials/M_VolumeRenderSphereTracePP.uasset" 116
"../../../Engine/Content/EngineDebugMaterials/M_VolumeRenderSphereTracePP.uexp" 117
"../../../Engine/Content/EngineMaterials/BaseFlattenNormalMap.uasset" 118
"../../../Engine/Content/EngineMaterials/BaseFlattenNormalMap.uexp" 119
"../../../Engine/Content/EngineMaterials/BaseFlattenGrayscaleMap.uasset" 120
"../../../Engine/Content/EngineMaterials/BaseFlattenGrayscaleMap.uexp" 121
"../../../Engine/Content/EngineMaterials/BaseFlattenEmissiveMap.uasset" 122
"../../../Engine/Content/EngineMaterials/BaseFlattenEmissiveMap.uexp" 123
"../../../Engine/Content/EngineMaterials/BaseFlattenDiffuseMap.uasset" 124
"../../../Engine/Content/EngineMaterials/BaseFlattenDiffuseMap.uexp" 125
"../../../Engine/Content/EngineMaterials/BaseFlattenMaterial.uasset" 126
"../../../Engine/Content/EngineMaterials/BaseFlattenMaterial.uexp" 127
"../../../Engine/Content/EngineMaterials/BlueNoise.uasset" 128
"../../../Engine/Content/EngineMaterials/BlueNoise.uexp" 129
"../../../Engine/Content/EngineMaterials/DefaultBloomKernel.uasset" 130
"../../../Engine/Content/EngineMaterials/DefaultBloomKernel.uexp" 131
"../../../Engine/Content/EngineMaterials/DefaultBokeh.uasset" 132
"../../../Engine/Content/EngineMaterials/DefaultBokeh.uexp" 133
"../../../Engine/Content/EngineMaterials/DefaultDiffuse.uasset" 134
"../../../Engine/Content/EngineMaterials/DefaultDiffuse.uexp" 135
"../../../Engine/Content/EngineMaterials/DefaultDiffuse.ubulk" 136
"../../../Engine/Content/EngineMaterials/DefaultDeferredDecalMaterial.uasset" 137
"../../../Engine/Content/EngineMaterials/DefaultDeferredDecalMaterial.uexp" 138
"../../../Engine/Content/EngineMaterials/DefaultLightFunctionMaterial.uasset" 139
"../../../Engine/Content/EngineMaterials/DefaultLightFunctionMaterial.uexp" 140
"../../../Engine/Content/EngineMaterials/DefaultPhysicalMaterial.uasset" 141
"../../../Engine/Content/EngineMaterials/DefaultPhysicalMaterial.uexp" 142
"../../../Engine/Content/Functions/Engine_MaterialFunctions02/Utility/BreakOutFloat2Components.uasset" 143
"../../../Engine/Content/Functions/Engine_MaterialFunctions02/Utility/BreakOutFloat2Components.uexp" 144
"../../../Engine/Content/EngineMaterials/DefaultPostProcessMaterial.uasset" 145
"../../../Engine/Content/EngineMaterials/DefaultPostProcessMaterial.uexp" 146
"../../../Engine/Content/EngineFonts/RobotoDistanceField.uasset" 147
"../../../Engine/Content/EngineFonts/RobotoDistanceField.uexp" 148
"../../../Engine/Content/EngineMaterials/DefaultTextMaterialOpaque.uasset" 149
"../../../Engine/Content/EngineMaterials/DefaultTextMaterialOpaque.uexp" 150
"../../../Engine/Content/EngineMaterials/DefaultWhiteGrid.uasset" 151
"../../../Engine/Content/EngineMaterials/DefaultWhiteGrid.uexp" 152
"../../../Engine/Content/EngineMaterials/DefaultWhiteGrid.ubulk" 153
"../../../Engine/Content/EngineMaterials/DefaultWhiteGrid_Low.uasset" 154
"../../../Engine/Content/EngineMaterials/DefaultWhiteGrid_Low.uexp" 155
"../../../Engine/Content/EngineMaterials/EmissiveMeshMaterial.uasset" 156
"../../../Engine/Content/EngineMaterials/EmissiveMeshMaterial.uexp" 157
"../../../Engine/Content/EngineMaterials/GizmoMaterial.uasset" 158
"../../../Engine/Content/EngineMaterials/GizmoMaterial.uexp" 159
"../../../Engine/Content/EngineMaterials/Good64x64TilingNoiseHighFreq.uasset" 160
"../../../Engine/Content/EngineMaterials/Good64x64TilingNoiseHighFreq.uexp" 161
"../../../Engine/Content/EngineMaterials/MiniFont.uasset" 162
"../../../Engine/Content/EngineMaterials/MiniFont.uexp" 163
"../../../Engine/Content/EngineMaterials/InvalidLightmapSettings.uasset" 164
"../../../Engine/Content/EngineMaterials/InvalidLightmapSettings.uexp" 165
"../../../Engine/Content/EngineMaterials/InvalidLightmapSettings.ubulk" 166
"../../../Engine/Content/EngineMaterials/M_InvalidLightmapSettings.uasset" 167
"../../../Engine/Content/EngineMaterials/M_InvalidLightmapSettings.uexp" 168
"../../../Engine/Content/Functions/Engine_MaterialFunctions02/WorldPositionOffset/CameraOffset.uasset" 169
"../../../Engine/Content/Functions/Engine_MaterialFunctions02/WorldPositionOffset/CameraOffset.uexp" 170
"../../../Engine/Content/EngineMaterials/PhAT_JointLimitMaterial.uasset" 171
"../../../Engine/Content/EngineMaterials/PhAT_JointLimitMaterial.uexp" 172
"../../../Engine/Content/EngineMaterials/DefaultCalibrationColor.uasset" 173
"../../../Engine/Content/EngineMaterials/DefaultCalibrationColor.uexp" 174
"../../../Engine/Content/EngineMaterials/PPM_DefaultCalibrationColor.uasset" 175
"../../../Engine/Content/EngineMaterials/PPM_DefaultCalibrationColor.uexp" 176
"../../../Engine/Content/EngineMaterials/DefaultCalibrationGrayscale.uasset" 177
"../../../Engine/Content/EngineMaterials/DefaultCalibrationGrayscale.uexp" 178
"../../../Engine/Content/EngineMaterials/PPM_DefaultCalibrationGrayscale.uasset" 179
"../../../Engine/Content/EngineMaterials/PPM_DefaultCalibrationGrayscale.uexp" 180
"../../../Engine/Content/EngineMaterials/PreintegratedSkinBRDF.uasset" 181
"../../../Engine/Content/EngineMaterials/PreintegratedSkinBRDF.uexp" 182
"../../../Engine/Content/EngineMaterials/RemoveSurfaceMaterial.uasset" 183
"../../../Engine/Content/EngineMaterials/RemoveSurfaceMaterial.uexp" 184
"../../../Engine/Content/EngineMaterials/WeightMapPlaceholderTexture.uasset" 185
"../../../Engine/Content/EngineMaterials/WeightMapPlaceholderTexture.uexp" 186
"../../../Engine/Content/EngineResources/WhiteSquareTexture.uasset" 187
"../../../Engine/Content/EngineResources/WhiteSquareTexture.uexp" 188
"../../../Engine/Content/EngineMaterials/Widget3DPassThrough.uasset" 189
"../../../Engine/Content/EngineMaterials/Widget3DPassThrough.uexp" 190
"../../../Engine/Content/EngineMaterials/Widget3DPassThrough_Masked.uasset" 191
"../../../Engine/Content/EngineMaterials/Widget3DPassThrough_Masked.uexp" 192
"../../../Engine/Content/EngineMaterials/Widget3DPassThrough_Opaque.uasset" 193
"../../../Engine/Content/EngineMaterials/Widget3DPassThrough_Opaque.uexp" 194
"../../../Engine/Content/EngineMaterials/Widget3DPassThrough_Masked_OneSided.uasset" 195
"../../../Engine/Content/EngineMaterials/Widget3DPassThrough_Masked_OneSided.uexp" 196
"../../../Engine/Content/EngineMaterials/Widget3DPassThrough_Opaque_OneSided.uasset" 197
"../../../Engine/Content/EngineMaterials/Widget3DPassThrough_Opaque_OneSided.uexp" 198
"../../../Engine/Content/EngineMaterials/Widget3DPassThrough_Translucent.uasset" 199
"../../../Engine/Content/EngineMaterials/Widget3DPassThrough_Translucent.uexp" 200
"../../../Engine/Content/EngineMaterials/Widget3DPassThrough_Translucent_OneSided.uasset" 201
"../../../Engine/Content/EngineMaterials/Widget3DPassThrough_Translucent_OneSided.uexp" 202
"../../../Engine/Content/EngineMeshes/Cylinder.uasset" 203
"../../../Engine/Content/EngineMeshes/Cylinder.uexp" 204
"../../../Engine/Content/EngineMeshes/Sphere.uasset" 205
"../../../Engine/Content/EngineMeshes/Sphere.uexp" 206
"../../../Engine/Content/EngineResources/DefaultTextureCube.uasset" 207
"../../../Engine/Content/EngineResources/DefaultTextureCube.uexp" 208
"../../../Engine/Content/EngineResources/DefaultVolumeTexture2D.uasset" 209
"../../../Engine/Content/EngineResources/DefaultVolumeTexture2D.uexp" 210
"../../../Engine/Content/EngineResources/DefaultVolumeTexture.uasset" 211
"../../../Engine/Content/EngineResources/DefaultVolumeTexture.uexp" 212
"../../../Engine/Content/EngineResources/GradientTexture0.uasset" 213
"../../../Engine/Content/EngineResources/GradientTexture0.uexp" 214
"../../../Engine/Content/EngineSky/VolumetricClouds/T_NoiseShape64.uasset" 215
"../../../Engine/Content/EngineSky/VolumetricClouds/T_NoiseShape64.uexp" 216
"../../../Engine/Content/EngineSky/VolumetricClouds/T_NoiseShape64.ubulk" 217
"../../../Engine/Content/EngineSky/VolumetricClouds/T_VolumeNoiseShape64.uasset" 218
"../../../Engine/Content/EngineSky/VolumetricClouds/T_VolumeNoiseShape64.uexp" 219
"../../../Engine/Content/EngineSky/VolumetricClouds/T_NoiseErosion.uasset" 220
"../../../Engine/Content/EngineSky/VolumetricClouds/T_NoiseErosion.uexp" 221
"../../../Engine/Content/EngineSky/VolumetricClouds/T_NoiseErosion.ubulk" 222
"../../../Engine/Content/EngineSky/VolumetricClouds/T_VolumeNoiseErosion32.uasset" 223
"../../../Engine/Content/EngineSky/VolumetricClouds/T_VolumeNoiseErosion32.uexp" 224
"../../../Engine/Content/EngineSky/VolumetricClouds/CloudWeatherTexture.uasset" 225
"../../../Engine/Content/EngineSky/VolumetricClouds/CloudWeatherTexture.uexp" 226
"../../../Engine/Content/EngineSky/VolumetricClouds/CloudGradientTexture.uasset" 227
"../../../Engine/Content/EngineSky/VolumetricClouds/CloudGradientTexture.uexp" 228
"../../../Engine/Content/Functions/Engine_MaterialFunctions02/Utility/MakeFloat2.uasset" 229
"../../../Engine/Content/Functions/Engine_MaterialFunctions02/Utility/MakeFloat2.uexp" 230
"../../../Engine/Content/EngineSky/VolumetricClouds/m_SimpleVolumetricCloud.uasset" 231
"../../../Engine/Content/EngineSky/VolumetricClouds/m_SimpleVolumetricCloud.uexp" 232
"../../../Engine/Content/EngineSky/VolumetricClouds/m_SimpleVolumetricCloud_Inst.uasset" 233
"../../../Engine/Content/EngineSky/VolumetricClouds/m_SimpleVolumetricCloud_Inst.uexp" 234
"../../../Engine/Content/EngineSounds/Master.uasset" 235
"../../../Engine/Content/EngineSounds/Master.uexp" 236
"../../../Engine/Content/Functions/Engine_MaterialFunctions01/Shading/ConvertFromDiffSpec.uasset" 237
"../../../Engine/Content/Functions/Engine_MaterialFunctions01/Shading/ConvertFromDiffSpec.uexp" 238
"../../../Engine/Content/Functions/Engine_MaterialFunctions01/Shading/PowerToRoughness.uasset" 239
"../../../Engine/Content/Functions/Engine_MaterialFunctions01/Shading/PowerToRoughness.uexp" 240
"../../../Engine/Content/Maps/Templates/Thumbnails/Default.uasset" 241
"../../../Engine/Content/Maps/Templates/Thumbnails/Default.uexp" 242
"../../../Engine/Content/Maps/Templates/Thumbnails/TimeOfDay.uasset" 243
"../../../Engine/Content/Maps/Templates/Thumbnails/TimeOfDay.uexp" 244
"../../../Engine/Content/Maps/Templates/Thumbnails/VR-Basic.uasset" 245
"../../../Engine/Content/Maps/Templates/Thumbnails/VR-Basic.uexp" 246
"../../../Engine/Content/MobileResources/T_MobileControls_texture.uasset" 247
"../../../Engine/Content/MobileResources/T_MobileControls_texture.uexp" 248
"../../../Engine/Content/MobileResources/T_MobileMenu2.uasset" 249
"../../../Engine/Content/MobileResources/T_MobileMenu2.uexp" 250
"../../../Engine/Content/MobileResources/HUD/AnalogHat.uasset" 251
"../../../Engine/Content/MobileResources/HUD/AnalogHat.uexp" 252
"../../../Engine/Content/MobileResources/HUD/VirtualJoystick_Thumb.uasset" 253
"../../../Engine/Content/MobileResources/HUD/VirtualJoystick_Thumb.uexp" 254
"../../../Engine/Content/MobileResources/HUD/VirtualJoystick_Background.uasset" 255
"../../../Engine/Content/MobileResources/HUD/VirtualJoystick_Background.uexp" 256
"../../../Engine/Content/MobileResources/HUD/DefaultVirtualJoysticks.uasset" 257
"../../../Engine/Content/MobileResources/HUD/DefaultVirtualJoysticks.uexp" 258
"../../../Engine/Content/MobileResources/HUD/LeftVirtualJoystickOnly.uasset" 259
"../../../Engine/Content/MobileResources/HUD/LeftVirtualJoystickOnly.uexp" 260
"../../../Engine/Content/MobileResources/HUD/MobileHUDButton1_off.uasset" 261
"../../../Engine/Content/MobileResources/HUD/MobileHUDButton1_off.uexp" 262
"../../../Engine/Content/MobileResources/HUD/MobileHUDButton1_on.uasset" 263
"../../../Engine/Content/MobileResources/HUD/MobileHUDButton1_on.uexp" 264
"../../../Engine/Content/MobileResources/HUD/MobileHUDButton2_off.uasset" 265
"../../../Engine/Content/MobileResources/HUD/MobileHUDButton2_off.uexp" 266
"../../../Engine/Content/MobileResources/HUD/MobileHUDButton2_on.uasset" 267
"../../../Engine/Content/MobileResources/HUD/MobileHUDButton2_on.uexp" 268
"../../../Engine/Content/MobileResources/HUD/MobileHUDButton3.uasset" 269
"../../../Engine/Content/MobileResources/HUD/MobileHUDButton3.uexp" 270
"../../../Engine/Content/MobileResources/HUD/MobileHUDButtonFire.uasset" 271
"../../../Engine/Content/MobileResources/HUD/MobileHUDButtonFire.uexp" 272
"../../../Engine/Content/MobileResources/HUD/MobileHUDDirectionPad.uasset" 273
"../../../Engine/Content/MobileResources/HUD/MobileHUDDirectionPad.uexp" 274
"../../../Engine/Content/MobileResources/HUD/MobileHUDDirectionPad2.uasset" 275
"../../../Engine/Content/MobileResources/HUD/MobileHUDDirectionPad2.uexp" 276
"../../../Engine/Content/MobileResources/HUD/MobileHUDDirectionPad3.uasset" 277
"../../../Engine/Content/MobileResources/HUD/MobileHUDDirectionPad3.uexp" 278
"../../../Engine/Content/MobileResources/HUD/MobileHUDDirectionStick.uasset" 279
"../../../Engine/Content/MobileResources/HUD/MobileHUDDirectionStick.uexp" 280
"../../../Engine/Content/MobileResources/HUD/T_Castle_ThumbstickInner.uasset" 281
"../../../Engine/Content/MobileResources/HUD/T_Castle_ThumbstickInner.uexp" 282
"../../../Engine/Content/MobileResources/HUD/T_Castle_ThumbstickOutter.uasset" 283
"../../../Engine/Content/MobileResources/HUD/T_Castle_ThumbstickOutter.uexp" 284
"../../../Engine/Content/Tutorial/ContentIntroCurve.uasset" 285
"../../../Engine/Content/Tutorial/ContentIntroCurve.uexp" 286
"../../../Engine/Content/Tutorial/Basics/TutorialAssets/icon_tab_Levels_40x.uasset" 287
"../../../Engine/Content/Tutorial/Basics/TutorialAssets/icon_tab_Levels_40x.uexp" 288
"../../../Engine/Content/VREditor/TransformGizmo/TranslucentTransformGizmoMaterial.uasset" 289
"../../../Engine/Content/VREditor/TransformGizmo/TranslucentTransformGizmoMaterial.uexp" 290
"../../../Engine/Content/VREditor/LaserPointer/VR_LaserPower_01.uasset" 291
"../../../Engine/Content/VREditor/LaserPointer/VR_LaserPower_01.uexp" 292
"../../../Engine/Content/VREditor/LaserPointer/VR_LaserPower_01.ubulk" 293
"../../../Engine/Content/VREditor/TransformGizmo/TransformGizmoMaterial.uasset" 294
"../../../Engine/Content/VREditor/TransformGizmo/TransformGizmoMaterial.uexp" 295
"../../../Engine/Content/VREditor/TransformGizmo/BoundingBoxCorner.uasset" 296
"../../../Engine/Content/VREditor/TransformGizmo/BoundingBoxCorner.uexp" 297
"../../../Engine/Content/VREditor/TransformGizmo/BoundingBoxEdge.uasset" 298
"../../../Engine/Content/VREditor/TransformGizmo/BoundingBoxEdge.uexp" 299
"../../../Engine/Content/VREditor/TransformGizmo/PlaneTranslationHandle.uasset" 300
"../../../Engine/Content/VREditor/TransformGizmo/PlaneTranslationHandle.uexp" 301
"../../../Engine/Content/VREditor/TransformGizmo/Xray.uasset" 302
"../../../Engine/Content/VREditor/TransformGizmo/Xray.uexp" 303
"../../../Engine/Content/VREditor/TransformGizmo/Main.uasset" 304
"../../../Engine/Content/VREditor/TransformGizmo/Main.uexp" 305
"../../../Engine/Content/VREditor/TransformGizmo/SM_Sequencer_Key.uasset" 306
"../../../Engine/Content/VREditor/TransformGizmo/SM_Sequencer_Key.uexp" 307
"../../../Engine/Content/VREditor/TransformGizmo/SM_Sequencer_Node.uasset" 308
"../../../Engine/Content/VREditor/TransformGizmo/SM_Sequencer_Node.uexp" 309
"../../../Engine/Plugins/Enterprise/DatasmithContent/Content/Materials/TileMirrorAxis.uasset" 310
"../../../Engine/Plugins/Enterprise/DatasmithContent/Content/Materials/TileMirrorAxis.uexp" 311
"../../../Engine/Content/Functions/Engine_MaterialFunctions02/Texturing/CustomRotator.uasset" 312
"../../../Engine/Content/Functions/Engine_MaterialFunctions02/Texturing/CustomRotator.uexp" 313
"../../../Engine/Plugins/Enterprise/DatasmithContent/Content/Materials/UVEdit.uasset" 314
"../../../Engine/Plugins/Enterprise/DatasmithContent/Content/Materials/UVEdit.uexp" 315
"../../../Engine/Plugins/Enterprise/DatasmithContent/Content/Materials/C4DMasterUV.uasset" 316
"../../../Engine/Plugins/Enterprise/DatasmithContent/Content/Materials/C4DMasterUV.uexp" 317
"../../../Engine/Content/Functions/Engine_MaterialFunctions02/HueShift.uasset" 318
"../../../Engine/Content/Functions/Engine_MaterialFunctions02/HueShift.uexp" 319
"../../../Engine/Content/Functions/Engine_MaterialFunctions01/Texturing/FlattenNormal.uasset" 320
"../../../Engine/Content/Functions/Engine_MaterialFunctions01/Texturing/FlattenNormal.uexp" 321
"../../../Engine/Content/EngineResources/Black.uasset" 322
"../../../Engine/Content/EngineResources/Black.uexp" 323
"../../../Engine/Content/EngineMaterials/T_Default_Normal.uasset" 324
"../../../Engine/Content/EngineMaterials/T_Default_Normal.uexp" 325
"../../../Engine/Content/EngineMaterials/T_Default_Normal.ubulk" 326
"../../../Engine/Content/EditorLandscapeResources/WhiteSquareTexture.uasset" 327
"../../../Engine/Content/EditorLandscapeResources/WhiteSquareTexture.uexp" 328
"../../../Engine/Content/ArtTools/RenderToTexture/Textures/127grey.uasset" 329
"../../../Engine/Content/ArtTools/RenderToTexture/Textures/127grey.uexp" 330
"../../../Engine/Plugins/Enterprise/DatasmithContent/Content/Materials/C4DMaster.uasset" 331
"../../../Engine/Plugins/Enterprise/DatasmithContent/Content/Materials/C4DMaster.uexp" 332
"../../../Engine/Content/EngineMaterials/FlatNormal.uasset" 333
"../../../Engine/Content/EngineMaterials/FlatNormal.uexp" 334
"../../../Engine/Plugins/Enterprise/DatasmithContent/Content/Materials/CE_BaseMaster.uasset" 335
"../../../Engine/Plugins/Enterprise/DatasmithContent/Content/Materials/CE_BaseMaster.uexp" 336
"../../../Engine/Plugins/Enterprise/DatasmithContent/Content/Materials/CE_OpacityMaster.uasset" 337
"../../../Engine/Plugins/Enterprise/DatasmithContent/Content/Materials/CE_OpacityMaster.uexp" 338
"../../../Engine/Plugins/Enterprise/DatasmithContent/Content/Materials/CE_OpacitySimpleMaster.uasset" 339
"../../../Engine/Plugins/Enterprise/DatasmithContent/Content/Materials/CE_OpacitySimpleMaster.uexp" 340
"../../../Engine/Plugins/Enterprise/DatasmithContent/Content/Materials/CE_OpaqueMaster.uasset" 341
"../../../Engine/Plugins/Enterprise/DatasmithContent/Content/Materials/CE_OpaqueMaster.uexp" 342
"../../../Engine/Content/Functions/Engine_MaterialFunctions03/Procedurals/NormalFromHeightmap.uasset" 343
"../../../Engine/Content/Functions/Engine_MaterialFunctions03/Procedurals/NormalFromHeightmap.uexp" 344
"../../../Engine/Content/EngineResources/DefaultTexture.uasset" 345
"../../../Engine/Content/EngineResources/DefaultTexture.uexp" 346
"../../../Engine/Content/EngineResources/DefaultTexture.ubulk" 347
"../../../Engine/Plugins/Enterprise/DatasmithContent/Content/Materials/RevitMaster.uasset" 348
"../../../Engine/Plugins/Enterprise/DatasmithContent/Content/Materials/RevitMaster.uexp" 349
"../../../Engine/Plugins/Enterprise/DatasmithContent/Content/Materials/SketchUpMaster.uasset" 350
"../../../Engine/Plugins/Enterprise/DatasmithContent/Content/Materials/SketchUpMaster.uexp" 351
"../../../Engine/Content/ArtTools/RenderToTexture/Materials/Debug/M_Emissive_Color.uasset" 352
"../../../Engine/Content/ArtTools/RenderToTexture/Materials/Debug/M_Emissive_Color.uexp" 353
"../../../Engine/Content/BasicShapes/Cylinder.uasset" 354
"../../../Engine/Content/BasicShapes/Cylinder.uexp" 355
"../../../Engine/Content/Functions/Engine_MaterialFunctions02/ObjectLocalBounds.uasset" 356
"../../../Engine/Content/Functions/Engine_MaterialFunctions02/ObjectLocalBounds.uexp" 357
"../../../Engine/Content/Functions/Engine_MaterialFunctions02/Utility/VectorLength.uasset" 358
"../../../Engine/Content/Functions/Engine_MaterialFunctions02/Utility/VectorLength.uexp" 359
"../../../Engine/Content/Functions/Engine_MaterialFunctions02/Utility/BreakOutFloat3Components.uasset" 360
"../../../Engine/Content/Functions/Engine_MaterialFunctions02/Utility/BreakOutFloat3Components.uexp" 361
"../../../Engine/Plugins/Editor/SpeedTreeImporter/Content/SpeedTree9/UnpackInteger3.uasset" 362
"../../../Engine/Plugins/Editor/SpeedTreeImporter/Content/SpeedTree9/UnpackInteger3.uexp" 363
"../../../Engine/Plugins/Editor/SpeedTreeImporter/Content/SpeedTree9/UnpackDirection.uasset" 364
"../../../Engine/Plugins/Editor/SpeedTreeImporter/Content/SpeedTree9/UnpackDirection.uexp" 365
"../../../Engine/Plugins/Editor/SpeedTreeImporter/Content/SpeedTree9/game_wind_noise.uasset" 366
"../../../Engine/Plugins/Editor/SpeedTreeImporter/Content/SpeedTree9/game_wind_noise.uexp" 367
"../../../Engine/Plugins/Editor/SpeedTreeImporter/Content/SpeedTree9/game_wind_noise.ubulk" 368
"../../../Engine/Content/Functions/Engine_MaterialFunctions02/SafeNormalize.uasset" 369
"../../../Engine/Content/Functions/Engine_MaterialFunctions02/SafeNormalize.uexp" 370
"../../../Engine/Plugins/Editor/SpeedTreeImporter/Content/SpeedTree9/SpeedTreeWindMotion.uasset" 371
"../../../Engine/Plugins/Editor/SpeedTreeImporter/Content/SpeedTree9/SpeedTreeWindMotion.uexp" 372
"../../../Engine/Plugins/Editor/SpeedTreeImporter/Content/SpeedTree9/SpeedTreeBranchMotion.uasset" 373
"../../../Engine/Plugins/Editor/SpeedTreeImporter/Content/SpeedTree9/SpeedTreeBranchMotion.uexp" 374
"../../../Engine/Content/Functions/Engine_MaterialFunctions02/UVs/BoundingBoxBased_0-1_UVW.uasset" 375
"../../../Engine/Content/Functions/Engine_MaterialFunctions02/UVs/BoundingBoxBased_0-1_UVW.uexp" 376
"../../../Engine/Content/Functions/Engine_MaterialFunctions02/WorldPositionOffset/ObjectScale.uasset" 377
"../../../Engine/Content/Functions/Engine_MaterialFunctions02/WorldPositionOffset/ObjectScale.uexp" 378
"../../../Engine/Plugins/Editor/SpeedTreeImporter/Content/SpeedTree9/SpeedTreeWind.uasset" 379
"../../../Engine/Plugins/Editor/SpeedTreeImporter/Content/SpeedTree9/SpeedTreeWind.uexp" 380
"../../../Engine/Plugins/Editor/SpeedTreeImporter/Content/SpeedTree9/SpeedTreeBillboard.uasset" 381
"../../../Engine/Plugins/Editor/SpeedTreeImporter/Content/SpeedTree9/SpeedTreeBillboard.uexp" 382
"../../../Engine/Plugins/Editor/SpeedTreeImporter/Content/SpeedTree9/EmptyNormal.uasset" 383
"../../../Engine/Plugins/Editor/SpeedTreeImporter/Content/SpeedTree9/EmptyNormal.uexp" 384
"../../../Engine/Plugins/Editor/SpeedTreeImporter/Content/SpeedTree9/Empty.uasset" 385
"../../../Engine/Plugins/Editor/SpeedTreeImporter/Content/SpeedTree9/Empty.uexp" 386
"../../../Engine/Plugins/Editor/SpeedTreeImporter/Content/SpeedTree9/SpeedTreeBillboardMaster.uasset" 387
"../../../Engine/Plugins/Editor/SpeedTreeImporter/Content/SpeedTree9/SpeedTreeBillboardMaster.uexp" 388
"../../../Engine/Plugins/Editor/SpeedTreeImporter/Content/SpeedTree9/SpeedTreeCameraFacing.uasset" 389
"../../../Engine/Plugins/Editor/SpeedTreeImporter/Content/SpeedTree9/SpeedTreeCameraFacing.uexp" 390
"../../../Engine/Plugins/Editor/SpeedTreeImporter/Content/SpeedTree9/SpeedTreeMaster.uasset" 391
"../../../Engine/Plugins/Editor/SpeedTreeImporter/Content/SpeedTree9/SpeedTreeMaster.uexp" 392
"../../../Engine/Plugins/Runtime/AR/ARUtilities/Content/Materials/DummyExternalTexture.uasset" 393
"../../../Engine/Plugins/Runtime/AR/ARUtilities/Content/Materials/DummyExternalTexture.uexp" 394
"../../../Engine/Plugins/Runtime/AR/ARUtilities/Content/Materials/M_PassthroughCamera.uasset" 395
"../../../Engine/Plugins/Runtime/AR/ARUtilities/Content/Materials/M_PassthroughCamera.uexp" 396
"../../../Engine/Plugins/Runtime/AR/ARUtilities/Content/Materials/MI_PassthroughCameraExternalTexture.uasset" 397
"../../../Engine/Plugins/Runtime/AR/ARUtilities/Content/Materials/MI_PassthroughCameraExternalTexture.uexp" 398
"../../../Engine/Plugins/Runtime/AR/ARUtilities/Content/Materials/M_ScreenSpacePassthroughCamera.uasset" 399
"../../../Engine/Plugins/Runtime/AR/ARUtilities/Content/Materials/M_ScreenSpacePassthroughCamera.uexp" 400
"../../../Engine/Plugins/Runtime/AR/ARUtilities/Content/Materials/MI_ScreenSpacePassthroughCameraExternalTexture.uasset" 401
"../../../Engine/Plugins/Runtime/AR/ARUtilities/Content/Materials/MI_ScreenSpacePassthroughCameraExternalTexture.uexp" 402
"../../../Engine/Plugins/Runtime/AR/ARUtilities/Content/Materials/MF_DistanceColorLerp.uasset" 403
"../../../Engine/Plugins/Runtime/AR/ARUtilities/Content/Materials/MF_DistanceColorLerp.uexp" 404
"../../../Engine/Plugins/Runtime/AR/ARUtilities/Content/Materials/M_DepthColoration.uasset" 405
"../../../Engine/Plugins/Runtime/AR/ARUtilities/Content/Materials/M_DepthColoration.uexp" 406
"../../../Engine/Plugins/Runtime/AR/Google/GoogleARCore/Content/M_SceneDepthOcclusion.uasset" 407
"../../../Engine/Plugins/Runtime/AR/Google/GoogleARCore/Content/M_SceneDepthOcclusion.uexp" 408
"F:/Practice/EducationAR/Content/ARPractice/FirstMap_BuiltData.uasset" 409
"F:/Practice/EducationAR/Content/ARPractice/FirstMap_BuiltData.uexp" 410
"F:/Practice/EducationAR/Content/ProductAssets/Materials/M_Plastic.uasset" 411
"F:/Practice/EducationAR/Content/ProductAssets/Materials/M_Plastic.uexp" 412
"F:/Practice/EducationAR/Content/ProductAssets/Mesh/SM_Manequin.uasset" 413
"F:/Practice/EducationAR/Content/ProductAssets/Mesh/SM_Manequin.uexp" 414
"F:/Practice/EducationAR/Content/ARPractice/Model/simple.uasset" 415
"F:/Practice/EducationAR/Content/ARPractice/Model/simple.uexp" 416
"F:/Practice/EducationAR/Content/ARPractice/Model/Oculus.uasset" 417
"F:/Practice/EducationAR/Content/ARPractice/Model/Oculus.uexp" 418
"F:/Practice/EducationAR/Content/ARPractice/Frameworks/M3.uasset" 419
"F:/Practice/EducationAR/Content/ARPractice/Frameworks/M3.uexp" 420
"F:/Practice/EducationAR/Content/ARPractice/Frameworks/AR_CandidateIMG2.uasset" 421
"F:/Practice/EducationAR/Content/ARPractice/Frameworks/AR_CandidateIMG2.uexp" 422
"F:/Practice/EducationAR/Content/ARPractice/Frameworks/qr-code.uasset" 423
"F:/Practice/EducationAR/Content/ARPractice/Frameworks/qr-code.uexp" 424
"F:/Practice/EducationAR/Content/ARPractice/Frameworks/AR_CandidateIMG1.uasset" 425
"F:/Practice/EducationAR/Content/ARPractice/Frameworks/AR_CandidateIMG1.uexp" 426
"F:/Practice/EducationAR/Content/ARPractice/Frameworks/AR_Actor.uasset" 427
"F:/Practice/EducationAR/Content/ARPractice/Frameworks/AR_Actor.uexp" 428
"../../../Engine/Content/EditorBlueprintResources/StandardMacros.uasset" 429
"../../../Engine/Content/EditorBlueprintResources/StandardMacros.uexp" 430
"F:/Practice/EducationAR/Content/ARPractice/chinese_garden_4k.uasset" 431
"F:/Practice/EducationAR/Content/ARPractice/chinese_garden_4k.uexp" 432
"F:/Practice/EducationAR/Content/ARPractice/FirstMap.uexp" 433
"F:/Practice/EducationAR/Content/ARPractice/FirstMap.umap" 434
"../../../Engine/Content/MapTemplates/Sky/DaylightAmbientCubemap.uasset" 435
"../../../Engine/Content/MapTemplates/Sky/DaylightAmbientCubemap.uexp" 436
"F:/Practice/EducationAR/Content/HandheldAR/Blueprints/GameFramework/BP_ARPlayerController.uasset" 437
"F:/Practice/EducationAR/Content/HandheldAR/Blueprints/GameFramework/BP_ARPlayerController.uexp" 438
"F:/Practice/EducationAR/Content/HandheldAR/Blueprints/UI/Icons/T_Icon_Shot_01.uasset" 439
"F:/Practice/EducationAR/Content/HandheldAR/Blueprints/UI/Icons/T_Icon_Shot_01.uexp" 440
"F:/Practice/EducationAR/Content/HandheldAR/Blueprints/UI/Icons/T_Icon_Shot_01.ubulk" 441
"F:/Practice/EducationAR/Content/HandheldAR/Blueprints/UI/Materials/M_CircularMask.uasset" 442
"F:/Practice/EducationAR/Content/HandheldAR/Blueprints/UI/Materials/M_CircularMask.uexp" 443
"F:/Practice/EducationAR/Content/HandheldAR/Blueprints/UI/Icons/T_Shape_Loading.uasset" 444
"F:/Practice/EducationAR/Content/HandheldAR/Blueprints/UI/Icons/T_Shape_Loading.uexp" 445
"F:/Practice/EducationAR/Content/HandheldAR/Blueprints/UI/Icons/T_Shape_Circle.uasset" 446
"F:/Practice/EducationAR/Content/HandheldAR/Blueprints/UI/Icons/T_Shape_Circle.uexp" 447
"F:/Practice/EducationAR/Content/HandheldAR/Blueprints/UI/Materials/M_ButtonRotatingUI.uasset" 448
"F:/Practice/EducationAR/Content/HandheldAR/Blueprints/UI/Materials/M_ButtonRotatingUI.uexp" 449
"F:/Practice/EducationAR/Content/HandheldAR/Blueprints/UI/Styles/Enum_IconType.uasset" 450
"F:/Practice/EducationAR/Content/HandheldAR/Blueprints/UI/Styles/Enum_IconType.uexp" 451
"F:/Practice/EducationAR/Content/HandheldAR/Blueprints/UI/Styles/Struct_Icon.uasset" 452
"F:/Practice/EducationAR/Content/HandheldAR/Blueprints/UI/Styles/Struct_Icon.uexp" 453
"F:/Practice/EducationAR/Content/HandheldAR/Blueprints/UI/Styles/ENUM_UIStyle.uasset" 454
"F:/Practice/EducationAR/Content/HandheldAR/Blueprints/UI/Styles/ENUM_UIStyle.uexp" 455
"F:/Practice/EducationAR/Content/HandheldAR/Blueprints/UI/Styles/Enum_FontTypeFace.uasset" 456
"F:/Practice/EducationAR/Content/HandheldAR/Blueprints/UI/Styles/Enum_FontTypeFace.uexp" 457
"F:/Practice/EducationAR/Content/HandheldAR/Blueprints/UI/Icons/T_Capsule_Right.uasset" 458
"F:/Practice/EducationAR/Content/HandheldAR/Blueprints/UI/Icons/T_Capsule_Right.uexp" 459
"F:/Practice/EducationAR/Content/HandheldAR/Blueprints/UI/Icons/T_Capsule_Left.uasset" 460
"F:/Practice/EducationAR/Content/HandheldAR/Blueprints/UI/Icons/T_Capsule_Left.uexp" 461
"F:/Practice/EducationAR/Content/HandheldAR/Blueprints/UI/Icons/T_Capsule_Center.uasset" 462
"F:/Practice/EducationAR/Content/HandheldAR/Blueprints/UI/Icons/T_Capsule_Center.uexp" 463
"F:/Practice/EducationAR/Content/HandheldAR/Blueprints/UI/Icons/T_Icon_Info_01.uasset" 464
"F:/Practice/EducationAR/Content/HandheldAR/Blueprints/UI/Icons/T_Icon_Info_01.uexp" 465
"F:/Practice/EducationAR/Content/HandheldAR/Blueprints/UI/Materials/M_ButtonUI.uasset" 466
"F:/Practice/EducationAR/Content/HandheldAR/Blueprints/UI/Materials/M_ButtonUI.uexp" 467
"../../../Engine/Content/EngineFonts/Faces/RobotoRegular.uasset" 468
"../../../Engine/Content/EngineFonts/Faces/RobotoRegular.uexp" 469
"../../../Engine/Content/EngineFonts/Faces/RobotoRegular.ufont" 470
"../../../Engine/Content/EngineFonts/Faces/RobotoLight.uasset" 471
"../../../Engine/Content/EngineFonts/Faces/RobotoLight.uexp" 472
"../../../Engine/Content/EngineFonts/Faces/RobotoLight.ufont" 473
"../../../Engine/Content/EngineFonts/Faces/RobotoItalic.uasset" 474
"../../../Engine/Content/EngineFonts/Faces/RobotoItalic.uexp" 475
"../../../Engine/Content/EngineFonts/Faces/RobotoItalic.ufont" 476
"../../../Engine/Content/EngineFonts/Faces/RobotoBoldItalic.uasset" 477
"../../../Engine/Content/EngineFonts/Faces/RobotoBoldItalic.uexp" 478
"../../../Engine/Content/EngineFonts/Faces/RobotoBoldItalic.ufont" 479
"../../../Engine/Content/EngineFonts/Faces/RobotoBold.uasset" 480
"../../../Engine/Content/EngineFonts/Faces/RobotoBold.uexp" 481
"../../../Engine/Content/EngineFonts/Faces/RobotoBold.ufont" 482
"../../../Engine/Content/EngineFonts/Faces/DroidSansFallback.uasset" 483
"../../../Engine/Content/EngineFonts/Faces/DroidSansFallback.uexp" 484
"../../../Engine/Content/EngineFonts/Faces/DroidSansFallback.ufont" 485
"../../../Engine/Content/EngineFonts/Roboto.uasset" 486
"../../../Engine/Content/EngineFonts/Roboto.uexp" 487
"F:/Practice/EducationAR/Content/HandheldAR/Blueprints/UI/Styles/Struct_Style.uasset" 488
"F:/Practice/EducationAR/Content/HandheldAR/Blueprints/UI/Styles/Struct_Style.uexp" 489
"F:/Practice/EducationAR/Content/HandheldAR/Blueprints/UI/Icons/T_Icon_Snapshot_02.uasset" 490
"F:/Practice/EducationAR/Content/HandheldAR/Blueprints/UI/Icons/T_Icon_Snapshot_02.uexp" 491
"F:/Practice/EducationAR/Content/HandheldAR/Blueprints/UI/Icons/T_Icon_Right_02.uasset" 492
"F:/Practice/EducationAR/Content/HandheldAR/Blueprints/UI/Icons/T_Icon_Right_02.uexp" 493
"F:/Practice/EducationAR/Content/HandheldAR/Blueprints/UI/Icons/T_Icon_Reset_02.uasset" 494
"F:/Practice/EducationAR/Content/HandheldAR/Blueprints/UI/Icons/T_Icon_Reset_02.uexp" 495
"F:/Practice/EducationAR/Content/HandheldAR/Blueprints/UI/Icons/T_Icon_Options_02.uasset" 496
"F:/Practice/EducationAR/Content/HandheldAR/Blueprints/UI/Icons/T_Icon_Options_02.uexp" 497
"F:/Practice/EducationAR/Content/HandheldAR/Blueprints/UI/Icons/T_Icon_ON_02.uasset" 498
"F:/Practice/EducationAR/Content/HandheldAR/Blueprints/UI/Icons/T_Icon_ON_02.uexp" 499
"F:/Practice/EducationAR/Content/HandheldAR/Blueprints/UI/Icons/T_Icon_OFF_02.uasset" 500
"F:/Practice/EducationAR/Content/HandheldAR/Blueprints/UI/Icons/T_Icon_OFF_02.uexp" 501
"F:/Practice/EducationAR/Content/HandheldAR/Blueprints/UI/Icons/T_Icon_Left_02.uasset" 502
"F:/Practice/EducationAR/Content/HandheldAR/Blueprints/UI/Icons/T_Icon_Left_02.uexp" 503
"F:/Practice/EducationAR/Content/HandheldAR/Blueprints/UI/Icons/T_Icon_Info_02.uasset" 504
"F:/Practice/EducationAR/Content/HandheldAR/Blueprints/UI/Icons/T_Icon_Info_02.uexp" 505
"F:/Practice/EducationAR/Content/HandheldAR/Blueprints/UI/Icons/T_Icon_Close_02.uasset" 506
"F:/Practice/EducationAR/Content/HandheldAR/Blueprints/UI/Icons/T_Icon_Close_02.uexp" 507
"F:/Practice/EducationAR/Content/HandheldAR/Blueprints/UI/Icons/T_Capsule_Right_02.uasset" 508
"F:/Practice/EducationAR/Content/HandheldAR/Blueprints/UI/Icons/T_Capsule_Right_02.uexp" 509
"F:/Practice/EducationAR/Content/HandheldAR/Blueprints/UI/Icons/T_Capsule_Left_02.uasset" 510
"F:/Practice/EducationAR/Content/HandheldAR/Blueprints/UI/Icons/T_Capsule_Left_02.uexp" 511
"F:/Practice/EducationAR/Content/HandheldAR/Blueprints/UI/Icons/T_Capsule_Center_02.uasset" 512
"F:/Practice/EducationAR/Content/HandheldAR/Blueprints/UI/Icons/T_Capsule_Center_02.uexp" 513
"F:/Practice/EducationAR/Content/HandheldAR/Blueprints/UI/Icons/T_Icon_ON.uasset" 514
"F:/Practice/EducationAR/Content/HandheldAR/Blueprints/UI/Icons/T_Icon_ON.uexp" 515
"F:/Practice/EducationAR/Content/HandheldAR/Blueprints/UI/Icons/T_Icon_OFF.uasset" 516
"F:/Practice/EducationAR/Content/HandheldAR/Blueprints/UI/Icons/T_Icon_OFF.uexp" 517
"F:/Practice/EducationAR/Content/HandheldAR/Blueprints/UI/Icons/T_Icon_Right.uasset" 518
"F:/Practice/EducationAR/Content/HandheldAR/Blueprints/UI/Icons/T_Icon_Right.uexp" 519
"F:/Practice/EducationAR/Content/HandheldAR/Blueprints/UI/Icons/T_Icon_Left.uasset" 520
"F:/Practice/EducationAR/Content/HandheldAR/Blueprints/UI/Icons/T_Icon_Left.uexp" 521
"F:/Practice/EducationAR/Content/HandheldAR/Blueprints/UI/Icons/T_Icon_Close.uasset" 522
"F:/Practice/EducationAR/Content/HandheldAR/Blueprints/UI/Icons/T_Icon_Close.uexp" 523
"F:/Practice/EducationAR/Content/HandheldAR/Blueprints/UI/Icons/T_Icon_Snapshot_01.uasset" 524
"F:/Practice/EducationAR/Content/HandheldAR/Blueprints/UI/Icons/T_Icon_Snapshot_01.uexp" 525
"F:/Practice/EducationAR/Content/HandheldAR/Blueprints/UI/Icons/T_Icon_Reset_01.uasset" 526
"F:/Practice/EducationAR/Content/HandheldAR/Blueprints/UI/Icons/T_Icon_Reset_01.uexp" 527
"F:/Practice/EducationAR/Content/HandheldAR/Blueprints/UI/Icons/T_Icon_Options_01.uasset" 528
"F:/Practice/EducationAR/Content/HandheldAR/Blueprints/UI/Icons/T_Icon_Options_01.uexp" 529
"F:/Practice/EducationAR/Content/HandheldAR/Blueprints/UI/Styles/DT_Styles.uasset" 530
"F:/Practice/EducationAR/Content/HandheldAR/Blueprints/UI/Styles/DT_Styles.uexp" 531
"F:/Practice/EducationAR/Content/HandheldAR/Blueprints/UI/UI_ToggleButton.uasset" 532
"F:/Practice/EducationAR/Content/HandheldAR/Blueprints/UI/UI_ToggleButton.uexp" 533
"F:/Practice/EducationAR/Content/HandheldAR/Blueprints/UI/Styles/BP_StylizedUI.uasset" 534
"F:/Practice/EducationAR/Content/HandheldAR/Blueprints/UI/Styles/BP_StylizedUI.uexp" 535
"F:/Practice/EducationAR/Content/HandheldAR/Blueprints/UI/UI_CapsuleButton.uasset" 536
"F:/Practice/EducationAR/Content/HandheldAR/Blueprints/UI/UI_CapsuleButton.uexp" 537
"F:/Practice/EducationAR/Content/HandheldAR/Blueprints/UI/BP_StartMenu.uasset" 538
"F:/Practice/EducationAR/Content/HandheldAR/Blueprints/UI/BP_StartMenu.uexp" 539
"F:/Practice/EducationAR/Content/HandheldAR/Blueprints/UI/BP_OptionMenu.uasset" 540
"F:/Practice/EducationAR/Content/HandheldAR/Blueprints/UI/BP_OptionMenu.uexp" 541
"F:/Practice/EducationAR/Content/HandheldAR/Blueprints/UI/Icons/T_Icon_Swipe.uasset" 542
"F:/Practice/EducationAR/Content/HandheldAR/Blueprints/UI/Icons/T_Icon_Swipe.uexp" 543
"F:/Practice/EducationAR/Content/HandheldAR/Blueprints/UI/Icons/T_Icon_Pinch.uasset" 544
"F:/Practice/EducationAR/Content/HandheldAR/Blueprints/UI/Icons/T_Icon_Pinch.uexp" 545
"F:/Practice/EducationAR/Content/HandheldAR/Blueprints/UI/Icons/T_Icon_Grab.uasset" 546
"F:/Practice/EducationAR/Content/HandheldAR/Blueprints/UI/Icons/T_Icon_Grab.uexp" 547
"F:/Practice/EducationAR/Content/HandheldAR/Blueprints/UI/Icons/T_Icon_Scale.uasset" 548
"F:/Practice/EducationAR/Content/HandheldAR/Blueprints/UI/Icons/T_Icon_Scale.uexp" 549
"F:/Practice/EducationAR/Content/HandheldAR/Blueprints/UI/Icons/T_Icon_Move.uasset" 550
"F:/Practice/EducationAR/Content/HandheldAR/Blueprints/UI/Icons/T_Icon_Move.uexp" 551
"F:/Practice/EducationAR/Content/HandheldAR/Blueprints/UI/Icons/T_Icon_Rotate.uasset" 552
"F:/Practice/EducationAR/Content/HandheldAR/Blueprints/UI/Icons/T_Icon_Rotate.uexp" 553
"F:/Practice/EducationAR/Content/HandheldAR/Blueprints/UI/BP_InfoMenu.uasset" 554
"F:/Practice/EducationAR/Content/HandheldAR/Blueprints/UI/BP_InfoMenu.uexp" 555
"F:/Practice/EducationAR/Content/HandheldAR/Blueprints/UI/Icons/T_Icon_Circle.uasset" 556
"F:/Practice/EducationAR/Content/HandheldAR/Blueprints/UI/Icons/T_Icon_Circle.uexp" 557
"F:/Practice/EducationAR/Content/HandheldAR/Blueprints/UI/Icons/T_CircularMenu_Top.uasset" 558
"F:/Practice/EducationAR/Content/HandheldAR/Blueprints/UI/Icons/T_CircularMenu_Top.uexp" 559
"F:/Practice/EducationAR/Content/HandheldAR/Blueprints/UI/Icons/T_CircularMenu.uasset" 560
"F:/Practice/EducationAR/Content/HandheldAR/Blueprints/UI/Icons/T_CircularMenu.uexp" 561
"F:/Practice/EducationAR/Content/HandheldAR/Blueprints/UI/Materials/M_CircularMenuSelection.uasset" 562
"F:/Practice/EducationAR/Content/HandheldAR/Blueprints/UI/Materials/M_CircularMenuSelection.uexp" 563
"F:/Practice/EducationAR/Content/HandheldAR/Blueprints/UI/BP_BottomMenu.uasset" 564
"F:/Practice/EducationAR/Content/HandheldAR/Blueprints/UI/BP_BottomMenu.uexp" 565
"../../../Engine/Content/BasicShapes/Plane.uasset" 566
"../../../Engine/Content/BasicShapes/Plane.uexp" 567
"../../../Engine/Content/Functions/Engine_MaterialFunctions01/Gradient/LinearGradient.uasset" 568
"../../../Engine/Content/Functions/Engine_MaterialFunctions01/Gradient/LinearGradient.uexp" 569
"F:/Practice/EducationAR/Content/HandheldAR/Blueprints/Placeable/Materials/MF_DistanceFalloff.uasset" 570
"F:/Practice/EducationAR/Content/HandheldAR/Blueprints/Placeable/Materials/MF_DistanceFalloff.uexp" 571
"../../../Engine/Content/Functions/Engine_MaterialFunctions01/ImageAdjustment/CheapContrast.uasset" 572
"../../../Engine/Content/Functions/Engine_MaterialFunctions01/ImageAdjustment/CheapContrast.uexp" 573
"F:/Practice/EducationAR/Content/HandheldAR/Blueprints/Placeable/Materials/MF_CircularScan.uasset" 574
"F:/Practice/EducationAR/Content/HandheldAR/Blueprints/Placeable/Materials/MF_CircularScan.uexp" 575
"F:/Practice/EducationAR/Content/HandheldAR/Blueprints/Placeable/Materials/M_Plane_01.uasset" 576
"F:/Practice/EducationAR/Content/HandheldAR/Blueprints/Placeable/Materials/M_Plane_01.uexp" 577
"F:/Practice/EducationAR/Content/HandheldAR/Blueprints/Placeable/Materials/M_Plane_02.uasset" 578
"F:/Practice/EducationAR/Content/HandheldAR/Blueprints/Placeable/Materials/M_Plane_02.uexp" 579
"F:/Practice/EducationAR/Content/HandheldAR/Blueprints/Placeable/Materials/M_Plane_Fallback.uasset" 580
"F:/Practice/EducationAR/Content/HandheldAR/Blueprints/Placeable/Materials/M_Plane_Fallback.uexp" 581
"F:/Practice/EducationAR/Content/HandheldAR/Blueprints/Placeable/Materials/M_Plane_Plain.uasset" 582
"F:/Practice/EducationAR/Content/HandheldAR/Blueprints/Placeable/Materials/M_Plane_Plain.uexp" 583
"F:/Practice/EducationAR/Content/HandheldAR/Blueprints/Placeable/BP_Plane.uasset" 584
"F:/Practice/EducationAR/Content/HandheldAR/Blueprints/Placeable/BP_Plane.uexp" 585
"F:/Practice/EducationAR/Content/HandheldAR/D_ARSessionConfig.uasset" 586
"F:/Practice/EducationAR/Content/HandheldAR/D_ARSessionConfig.uexp" 587
"F:/Practice/EducationAR/Content/HandheldAR/Blueprints/UI/BP_MainMenu.uasset" 588
"F:/Practice/EducationAR/Content/HandheldAR/Blueprints/UI/BP_MainMenu.uexp" 589
"F:/Practice/EducationAR/Content/HandheldAR/Blueprints/Placeable/Textures/T_Square.uasset" 590
"F:/Practice/EducationAR/Content/HandheldAR/Blueprints/Placeable/Textures/T_Square.uexp" 591
"F:/Practice/EducationAR/Content/HandheldAR/Blueprints/Placeable/Textures/T_Square.ubulk" 592
"F:/Practice/EducationAR/Content/HandheldAR/Blueprints/GameFramework/ENUM_GestureType.uasset" 593
"F:/Practice/EducationAR/Content/HandheldAR/Blueprints/GameFramework/ENUM_GestureType.uexp" 594
"F:/Practice/EducationAR/Content/HandheldAR/Blueprints/Placeable/BP_InteractionHUD.uasset" 595
"F:/Practice/EducationAR/Content/HandheldAR/Blueprints/Placeable/BP_InteractionHUD.uexp" 596
"F:/Practice/EducationAR/Content/ProductAssets/BP_ProductAssetRef.uasset" 597
"F:/Practice/EducationAR/Content/ProductAssets/BP_ProductAssetRef.uexp" 598
"../../../Engine/Content/BasicShapes/BasicShapeMaterial.uasset" 599
"../../../Engine/Content/BasicShapes/BasicShapeMaterial.uexp" 600
"F:/Practice/EducationAR/Content/HandheldAR/Blueprints/Placeable/Materials/M_Arrow.uasset" 601
"F:/Practice/EducationAR/Content/HandheldAR/Blueprints/Placeable/Materials/M_Arrow.uexp" 602
"F:/Practice/EducationAR/Content/HandheldAR/Blueprints/Placeable/Textures/T_CirclePlate.uasset" 603
"F:/Practice/EducationAR/Content/HandheldAR/Blueprints/Placeable/Textures/T_CirclePlate.uexp" 604
"F:/Practice/EducationAR/Content/HandheldAR/Blueprints/Placeable/Materials/M_Placeable.uasset" 605
"F:/Practice/EducationAR/Content/HandheldAR/Blueprints/Placeable/Materials/M_Placeable.uexp" 606
"F:/Practice/EducationAR/Content/HandheldAR/Blueprints/Placeable/Textures/T_Shadow.uasset" 607
"F:/Practice/EducationAR/Content/HandheldAR/Blueprints/Placeable/Textures/T_Shadow.uexp" 608
"F:/Practice/EducationAR/Content/HandheldAR/Blueprints/Placeable/Materials/M_Shadow.uasset" 609
"F:/Practice/EducationAR/Content/HandheldAR/Blueprints/Placeable/Materials/M_Shadow.uexp" 610
"F:/Practice/EducationAR/Content/HandheldAR/Blueprints/Placeable/Mesh/SM_ArrowBody.uasset" 611
"F:/Practice/EducationAR/Content/HandheldAR/Blueprints/Placeable/Mesh/SM_ArrowBody.uexp" 612
"F:/Practice/EducationAR/Content/HandheldAR/Blueprints/Placeable/Mesh/SM_ArrowHead.uasset" 613
"F:/Practice/EducationAR/Content/HandheldAR/Blueprints/Placeable/Mesh/SM_ArrowHead.uexp" 614
"F:/Practice/EducationAR/Content/HandheldAR/Blueprints/Placeable/Mesh/SM_Plate.uasset" 615
"F:/Practice/EducationAR/Content/HandheldAR/Blueprints/Placeable/Mesh/SM_Plate.uexp" 616
"F:/Practice/EducationAR/Content/HandheldAR/Blueprints/Placeable/Textures/T_SquarePlate.uasset" 617
"F:/Practice/EducationAR/Content/HandheldAR/Blueprints/Placeable/Textures/T_SquarePlate.uexp" 618
"F:/Practice/EducationAR/Content/HandheldAR/Blueprints/Placeable/BP_Placeable.uasset" 619
"F:/Practice/EducationAR/Content/HandheldAR/Blueprints/Placeable/BP_Placeable.uexp" 620
"F:/Practice/EducationAR/Content/HandheldAR/Blueprints/GameFramework/BP_ARPawn.uasset" 621
"F:/Practice/EducationAR/Content/HandheldAR/Blueprints/GameFramework/BP_ARPawn.uexp" 622
"F:/Practice/EducationAR/Content/HandheldAR/Blueprints/GameFramework/BP_ARGameMode.uasset" 623
"F:/Practice/EducationAR/Content/HandheldAR/Blueprints/GameFramework/BP_ARGameMode.uexp" 624
"F:/Practice/EducationAR/Content/HandheldAR/Maps/HandheldARBlankMap.uexp" 625
"F:/Practice/EducationAR/Content/HandheldAR/Maps/HandheldARBlankMap.umap" 626
"../../../Engine/Content/Maps/Entry_BuiltData.uasset" 627
"../../../Engine/Content/Maps/Entry_BuiltData.uexp" 628
"../../../Engine/Content/Maps/Entry.uexp" 629
"../../../Engine/Content/Maps/Entry.umap" 630
